#
# A fatal error has been detected by the Java Runtime Environment:
#
#  EXCEPTION_ACCESS_VIOLATION (0xc0000005) at pc=0x000002ca1fdd102c, pid=16336, tid=22396
#
# JRE version: Java(TM) SE Runtime Environment (21.0.2+13) (build 21.0.2+13-LTS-58)
# Java VM: Java HotSpot(TM) 64-Bit Server VM (21.0.2+13-LTS-58, mixed mode, emulated-client, sharing, tiered, compressed oops, compressed class ptrs, g1 gc, windows-amd64)
# Problematic frame:
# v  ~BufferBlob::MethodHandles adapters 0x000002ca1fdd102c
#
# No core dump will be written. Minidumps are not enabled by default on client versions of Windows
#
# If you would like to submit a bug report, please visit:
#   https://bugreport.java.com/bugreport/crash.jsp
#

---------------  S U M M A R Y ------------

Command Line: -XX:+ShowCodeDetailsInExceptionMessages -agentlib:jdwp=transport=dt_socket,suspend=y,address=localhost:59242 -Dcom.sun.management.jmxremote -Dcom.sun.management.jmxremote.port=59241 -Dcom.sun.management.jmxremote.authenticate=false -Dcom.sun.management.jmxremote.ssl=false -Djava.rmi.server.hostname=localhost -Dspring.jmx.enabled=true -Dmanagement.endpoints.jmx.exposure.include=* -Dspring.application.admin.enabled=true -XX:TieredStopAtLevel=1 -Dspring.boot.project.name=SpringQuiz -javaagent:D:\½Å·ü¼·\5_spring\quiz\QUIZ_STS\configuration\org.eclipse.osgi\266\0\.cp\lib\javaagent-shaded.jar -Dfile.encoding=UTF-8 -Dstdout.encoding=UTF-8 -Dstderr.encoding=UTF-8 com.quiz.SpringQuizApplication --spring.output.ansi.enabled=always --debug

Host: Intel(R) Core(TM) i7-8700 CPU @ 3.20GHz, 12 cores, 7G,  Windows 10 , 64 bit Build 19041 (10.0.19041.3636)
Time: Fri Jun 21 18:16:01 2024  Windows 10 , 64 bit Build 19041 (10.0.19041.3636) elapsed time: 133.797798 seconds (0d 0h 2m 13s)

---------------  T H R E A D  ---------------

Current thread (0x000002ca6e7ba930):  JavaThread "restartedMain"        [_thread_in_Java, id=22396, stack(0x000000eea5500000,0x000000eea5600000) (1024K)]

Stack: [0x000000eea5500000,0x000000eea5600000],  sp=0x000000eea55fde88,  free space=1015k
Native frames: (J=compiled Java code, j=interpreted, Vv=VM code, C=native code)
C  0x000002ca1fdd102c

The last pc belongs to _linkToSpecial (printed below).

siginfo: EXCEPTION_ACCESS_VIOLATION (0xc0000005), reading address 0xffffffffffffffff


Registers:
RAX=0x000002ca1fda9086, RBX=0x8507310000000000, RCX=0x000000eea55fde90, RDX=0x0000000000000002
RSP=0x000000eea55fde88, RBP=0x000000eea55fded8, RSI=0x000002ca6f7a87a8, RDI=0x000002ca6e2841f0
R8 =0x0000000000000004, R9 =0x0000000000000004, R10=0x00007ffdb554c610, R11=0x000002ca290b6c70
R12=0x0000000000000000, R13=0x000000eea55fde88, R14=0x000000eea55fdef8, R15=0x000002ca6e7ba930
RIP=0x000002ca1fdd102c, EFLAGS=0x0000000000010202


Register to memory mapping:

RAX=0x000002ca1fda9086 is at code_begin+3078 in an Interpreter codelet
return entry points  [0x000002ca1fda8480, 0x000002ca1fdaa298]  7704 bytes
RBX=0x8507310000000000 is an unknown value
RCX=0x000000eea55fde90 is pointing into the stack for thread: 0x000002ca6e7ba930
RDX=0x0000000000000002 is an unknown value
RSP=0x000000eea55fde88 is pointing into the stack for thread: 0x000002ca6e7ba930
RBP=0x000000eea55fded8 is pointing into the stack for thread: 0x000002ca6e7ba930
RSI=0x000002ca6f7a87a8 points into unknown readable memory: 0x80000101b73ae1f4 | f4 e1 3a b7 01 01 00 80
RDI=0x000002ca6e2841f0 points into unknown readable memory: 0x0000001800000070 | 70 00 00 00 18 00 00 00
R8 =0x0000000000000004 is an unknown value
R9 =0x0000000000000004 is an unknown value
R10=0x00007ffdb554c610 jvm.dll
R11={method} {0x000002ca290b6c78} 'newInvokeSpecial' '(Ljava/lang/Object;)Ljava/lang/Object;' in 'java/lang/invoke/DirectMethodHandle$Holder'
R12=0x0 is null
R13=0x000000eea55fde88 is pointing into the stack for thread: 0x000002ca6e7ba930
R14=0x000000eea55fdef8 is pointing into the stack for thread: 0x000002ca6e7ba930
R15=0x000002ca6e7ba930 is a thread

Top of Stack: (sp=0x000000eea55fde88)
0x000000eea55fde88:   000002ca1fda9086 000000eea55fde90
0x000000eea55fde98:   000002ca2972de87 0000000000000004
0x000000eea55fdea8:   000002ca290b2128 0000000083867cc0
0x000000eea55fdeb8:   000000008225e1f8 000002ca290b6c70
0x000000eea55fdec8:   000000eea55fde88 000000eea55fdf00
0x000000eea55fded8:   000000eea55fe270 000002ca201ca503
0x000000eea55fdee8:   0000000085073008 00000000850730b0
0x000000eea55fdef8:   0000000085073068 0000000085072e18
0x000000eea55fdf08:   000000eea55fda10 000000eea55fe270
0x000000eea55fdf18:   000002ca206d2cfc 00000dfabfce3de7
0x000000eea55fdf28:   0000000000000007 00007ffdb49bead6
0x000000eea55fdf38:   00000000ffffffff 000002ca6e7ba930
0x000000eea55fdf48:   000000eea55fc8e0 0000000000000000
0x000000eea55fdf58:   0000000000000000 000000eea55fba60
0x000000eea55fdf68:   000000eea55fac40 000002ca6eedbd08
0x000000eea55fdf78:   000000008225d5a0 0000000083867cc0
0x000000eea55fdf88:   0000000085072ce0 0000000085072ce0
0x000000eea55fdf98:   0000000085072e18 0000000085073098
0x000000eea55fdfa8:   0000000085072e70 0000000083867cc0
0x000000eea55fdfb8:   0000000000000001 000000eea55fe270
0x000000eea55fdfc8:   000002ca00000000 0000000000000000
0x000000eea55fdfd8:   0000000000000000 0000000085073068
0x000000eea55fdfe8:   000002ca201c91dc 0000000000000000
0x000000eea55fdff8:   0000000000000000 0000000000000000
0x000000eea55fe008:   00000000ffffff00 000002ca6e7ba930
0x000000eea55fe018:   0000000000000000 0000000085072e18
0x000000eea55fe028:   0000000000000000 0000000085072ce0
0x000000eea55fe038:   0000000085073098 0000000085072e18
0x000000eea55fe048:   0000000000000000 0000000085072d00
0x000000eea55fe058:   000002ca201c9a34 000000eea55fe270
0x000000eea55fe068:   000002ca201c416a 0000000000000000
0x000000eea55fe078:   000002ca20143da9 000002ca6e7ba930 

Instructions: (pc=0x000002ca1fdd102c)
0x000002ca1fdd0f2c:   8b 59 14 8b 5b 28 8b 5b 24 48 8b 5b 10 48 85 db
0x000002ca1fdd0f3c:   0f 84 10 00 00 00 41 80 bf e0 05 00 00 00 74 03
0x000002ca1fdd0f4c:   ff 63 38 ff 63 50 e9 a9 16 00 00 66 0f 1f 84 00
0x000002ca1fdd0f5c:   00 00 00 00 48 8b 53 08 0f b7 52 2e 48 8b 0c d4
0x000002ca1fdd0f6c:   58 5b 50 44 8b 51 08 49 bb 00 00 00 29 ca 02 00
0x000002ca1fdd0f7c:   00 4d 03 d3 4c 8b 5b 10 4b 8b 9c da c8 01 00 00
0x000002ca1fdd0f8c:   48 85 db 0f 84 10 00 00 00 41 80 bf e0 05 00 00
0x000002ca1fdd0f9c:   00 74 03 ff 63 38 ff 63 50 e9 56 16 00 00 66 66
0x000002ca1fdd0fac:   66 0f 1f 84 00 00 00 00 00 66 66 66 90 0f 1f 80
0x000002ca1fdd0fbc:   00 00 00 00 58 5b 50 8b 5b 24 48 8b 5b 10 48 85
0x000002ca1fdd0fcc:   db 0f 84 10 00 00 00 41 80 bf e0 05 00 00 00 74
0x000002ca1fdd0fdc:   03 ff 63 38 ff 63 50 e9 18 16 00 00 66 66 66 0f
0x000002ca1fdd0fec:   1f 84 00 00 00 00 00 66 66 66 90 66 0f 1f 84 00
0x000002ca1fdd0ffc:   00 00 00 00 48 8b 53 08 0f b7 52 2e 48 8b 0c d4
0x000002ca1fdd100c:   58 5b 50 48 3b 01 8b 5b 24 48 8b 5b 10 48 85 db
0x000002ca1fdd101c:   0f 84 10 00 00 00 41 80 bf e0 05 00 00 00 74 03
0x000002ca1fdd102c:   ff 63 38 ff 63 50 e9 c9 15 00 00 66 0f 1f 84 00
0x000002ca1fdd103c:   00 00 00 00 48 8b 53 08 0f b7 52 2e 48 8b 0c d4
0x000002ca1fdd104c:   58 5b 50 44 8b 51 08 49 bb 00 00 00 29 ca 02 00
0x000002ca1fdd105c:   00 4d 03 d3 8b 43 18 48 8b 40 10 48 8b 5b 10 45
0x000002ca1fdd106c:   8b 9a a0 00 00 00 4f 8d 9c da c8 01 00 00 4d 8d
0x000002ca1fdd107c:   14 da 49 8b 1b 48 3b c3 74 15 48 85 db 0f 84 32
0x000002ca1fdd108c:   00 00 00 49 83 c3 10 49 8b 1b 48 3b c3 75 eb 45
0x000002ca1fdd109c:   8b 5b 08 4b 8b 1c 1a 48 85 db 0f 84 10 00 00 00
0x000002ca1fdd10ac:   41 80 bf e0 05 00 00 00 74 03 ff 63 38 ff 63 50
0x000002ca1fdd10bc:   e9 3f 15 00 00 e9 3a 12 00 00 f4 00 00 00 00 00
0x000002ca1fdd10cc:   00 00 00 00 00 00 00 00 00 00 00 00 00 00 00 00
0x000002ca1fdd10dc:   00 00 00 00 00 00 00 00 00 00 00 00 00 00 00 00
0x000002ca1fdd10ec:   00 00 00 00 00 00 00 00 00 00 00 00 00 00 00 00
0x000002ca1fdd10fc:   00 00 00 00 00 00 00 00 00 00 00 00 00 00 00 00
0x000002ca1fdd110c:   00 00 00 00 00 00 00 00 00 00 00 00 00 00 00 00
0x000002ca1fdd111c:   00 00 00 00 00 00 00 00 00 00 00 00 00 00 00 00 


Stack slot to memory mapping:

stack at sp + 0 slots: 0x000002ca1fda9086 is at code_begin+3078 in an Interpreter codelet
return entry points  [0x000002ca1fda8480, 0x000002ca1fdaa298]  7704 bytes
stack at sp + 1 slots: 0x000000eea55fde90 is pointing into the stack for thread: 0x000002ca6e7ba930
stack at sp + 2 slots: 0x000002ca2972de87 is pointing into metadata
stack at sp + 3 slots: 0x0000000000000004 is an unknown value
stack at sp + 4 slots: 0x000002ca290b2128 is pointing into metadata
stack at sp + 5 slots: 0x0000000083867cc0 is an oop: java.lang.Class 
{0x0000000083867cc0} - klass: 'java/lang/Class'
 - ---- fields (total size 14 words):
 - private volatile transient 'classRedefinedCount' 'I' @12  1 (0x00000001)
 - injected 'klass' 'J' @16  3067316632632 (0x000002ca2a517c38)
 - injected 'array_klass' 'J' @24  0 (0x0000000000000000)
 - injected 'oop_size' 'I' @32  14 (0x0000000e)
 - injected 'static_oop_field_count' 'I' @36  0 (0x00000000)
 - private volatile transient 'cachedConstructor' 'Ljava/lang/reflect/Constructor;' @40  null (0x00000000)
 - private transient 'name' 'Ljava/lang/String;' @44  "com.quiz.lesson05.Lesson05Controller"{0x0000000082b773d0} (0x82b773d0)
 - private transient 'module' 'Ljava/lang/Module;' @48  a 'java/lang/Module'{0x00000000838675f8} (0x838675f8)
 - private final 'classLoader' 'Ljava/lang/ClassLoader;' @52  a 'org/springframework/boot/devtools/restart/classloader/RestartClassLoader'{0x00000000838113d8} (0x838113d8)
 - private transient 'classData' 'Ljava/lang/Object;' @56  null (0x00000000)
 - private transient 'packageName' 'Ljava/lang/String;' @60  "com.quiz.lesson05"{0x0000000082b77420} (0x82b77420)
 - private final 'componentType' 'Ljava/lang/Class;' @64  null (0x00000000)
 - private volatile transient 'reflectionData' 'Ljava/lang/ref/SoftReference;' @68  a 'java/lang/ref/SoftReference'{0x000000008386a000} (0x8386a000)
 - private volatile transient 'genericInfo' 'Lsun/reflect/generics/repository/ClassRepository;' @72  null (0x00000000)
 - private volatile transient 'enumConstants' '[Ljava/lang/Object;' @76  null (0x00000000)
 - private volatile transient 'enumConstantDirectory' 'Ljava/util/Map;' @80  null (0x00000000)
 - private volatile transient 'annotationData' 'Ljava/lang/Class$AnnotationData;' @84  a 'java/lang/Class$AnnotationData'{0x000000008386a078} (0x8386a078)
 - private volatile transient 'annotationType' 'Lsun/reflect/annotation/AnnotationType;' @88  null (0x00000000)
 - transient 'classValueMap' 'Ljava/lang/ClassValue$ClassValueMap;' @92  null (0x00000000)
 - injected 'protection_domain' 'Ljava/lang/Object;' @96  a 'java/security/ProtectionDomain'{0x0000000083869298} (0x83869298)
 - injected 'signers_name' 'Ljava/lang/Object;' @100  null (0x00000000)
 - injected 'source_file' 'Ljava/lang/Object;' @104  null (0x00000000)
 - signature: Lcom/quiz/lesson05/Lesson05Controller;
 - ---- static fields (0):
stack at sp + 6 slots: 0x000000008225e1f8 is an oop: java.lang.Class 
{0x000000008225e1f8} - klass: 'java/lang/Class'
 - ---- fields (total size 14 words):
 - private volatile transient 'classRedefinedCount' 'I' @12  0 (0x00000000)
 - injected 'klass' 'J' @16  3067295243512 (0x000002ca290b1cf8)
 - injected 'array_klass' 'J' @24  0 (0x0000000000000000)
 - injected 'oop_size' 'I' @32  14 (0x0000000e)
 - injected 'static_oop_field_count' 'I' @36  0 (0x00000000)
 - private volatile transient 'cachedConstructor' 'Ljava/lang/reflect/Constructor;' @40  null (0x00000000)
 - private transient 'name' 'Ljava/lang/String;' @44  null (0x00000000)
 - private transient 'module' 'Ljava/lang/Module;' @48  a 'java/lang/Module'{0x000000008224ca48} (0x8224ca48)
 - private final 'classLoader' 'Ljava/lang/ClassLoader;' @52  null (0x00000000)
 - private transient 'classData' 'Ljava/lang/Object;' @56  null (0x00000000)
 - private transient 'packageName' 'Ljava/lang/String;' @60  null (0x00000000)
 - private final 'componentType' 'Ljava/lang/Class;' @64  null (0x00000000)
 - private volatile transient 'reflectionData' 'Ljava/lang/ref/SoftReference;' @68  null (0x00000000)
 - private volatile transient 'genericInfo' 'Lsun/reflect/generics/repository/ClassRepository;' @72  null (0x00000000)
 - private volatile transient 'enumConstants' '[Ljava/lang/Object;' @76  null (0x00000000)
 - private volatile transient 'enumConstantDirectory' 'Ljava/util/Map;' @80  null (0x00000000)
 - private volatile transient 'annotationData' 'Ljava/lang/Class$AnnotationData;' @84  null (0x00000000)
 - private volatile transient 'annotationType' 'Lsun/reflect/annotation/AnnotationType;' @88  null (0x00000000)
 - transient 'classValueMap' 'Ljava/lang/ClassValue$ClassValueMap;' @92  null (0x00000000)
 - injected 'protection_domain' 'Ljava/lang/Object;' @96  null (0x00000000)
 - injected 'signers_name' 'Ljava/lang/Object;' @100  null (0x00000000)
 - injected 'source_file' 'Ljava/lang/Object;' @104  null (0x00000000)
 - signature: Ljava/lang/invoke/DirectMethodHandle$Holder;
 - ---- static fields (0):
stack at sp + 7 slots: {method} {0x000002ca290b6c78} 'newInvokeSpecial' '(Ljava/lang/Object;)Ljava/lang/Object;' in 'java/lang/invoke/DirectMethodHandle$Holder'

MethodHandle::interpreter_entry::_linkToSpecial [0x000002ca1fdd0fe8, 0x000002ca1fdd1037] (79 bytes)
[MachCode]
  0x000002ca1fdd0fe8: 6666 660f | 1f84 0000 | 0000 0066 | 6666 9066 | 0f1f 8400 | 0000 0000 | 488b 5308 | 0fb7 522e 
  0x000002ca1fdd1008: 488b 0cd4 | 585b 5048 | 3b01 8b5b | 2448 8b5b | 1048 85db | 0f84 1000 | 0000 4180 | bfe0 0500 
  0x000002ca1fdd1028: 0000 7403 | ff63 38ff | 6350 e9c9 | 
[/MachCode]

---------------  P R O C E S S  ---------------

Threads class SMR info:
_java_thread_list=0x000002ca6fc38a50, length=36, elements={
0x000002ca28474670, 0x000002ca28475590, 0x000002ca28478600, 0x000002ca2847b3f0,
0x000002ca2847c7a0, 0x000002ca2847d9a0, 0x000002ca2847eba0, 0x000002ca2843f5f0,
0x000002ca286bab20, 0x000002ca286c5a10, 0x000002ca286a2d80, 0x000002ca2895d060,
0x000002ca6e348200, 0x000002ca6e352fc0, 0x000002ca6e38d9d0, 0x000002ca6e428600,
0x000002ca6e3ba680, 0x000002ca6e485a40, 0x000002ca6f5a0530, 0x000002ca6f59f810,
0x000002ca6e7b81d0, 0x000002ca6e7ba930, 0x000002ca2861aa20, 0x000002ca6e7b8860,
0x000002ca6e7bafc0, 0x000002ca6e7bb650, 0x000002ca6e7b8ef0, 0x000002ca6e7b9580,
0x000002ca6e7b9c10, 0x000002ca6e7ba2a0, 0x000002ca6f5a1f70, 0x000002ca6f5a1250,
0x000002ca6f5a2600, 0x000002ca6f59bd00, 0x000002ca6f59ca20, 0x000002ca6f5a0bc0
}

Java Threads: ( => current thread )
  0x000002ca28474670 JavaThread "Reference Handler"          daemon [_thread_blocked, id=15176, stack(0x000000eea5e00000,0x000000eea5f00000) (1024K)]
  0x000002ca28475590 JavaThread "Finalizer"                  daemon [_thread_blocked, id=8748, stack(0x000000eea5f00000,0x000000eea6000000) (1024K)]
  0x000002ca28478600 JavaThread "Signal Dispatcher"          daemon [_thread_blocked, id=3900, stack(0x000000eea6000000,0x000000eea6100000) (1024K)]
  0x000002ca2847b3f0 JavaThread "Attach Listener"            daemon [_thread_blocked, id=11916, stack(0x000000eea6100000,0x000000eea6200000) (1024K)]
  0x000002ca2847c7a0 JavaThread "Service Thread"             daemon [_thread_blocked, id=6632, stack(0x000000eea6200000,0x000000eea6300000) (1024K)]
  0x000002ca2847d9a0 JavaThread "Monitor Deflation Thread"   daemon [_thread_blocked, id=5604, stack(0x000000eea6300000,0x000000eea6400000) (1024K)]
  0x000002ca2847eba0 JavaThread "C1 CompilerThread0"         daemon [_thread_blocked, id=11092, stack(0x000000eea6400000,0x000000eea6500000) (1024K)]
  0x000002ca2843f5f0 JavaThread "Common-Cleaner"             daemon [_thread_blocked, id=6092, stack(0x000000eea6500000,0x000000eea6600000) (1024K)]
  0x000002ca286bab20 JavaThread "JDWP Transport Listener: dt_socket" daemon [_thread_blocked, id=12264, stack(0x000000eea6900000,0x000000eea6a00000) (1024K)]
  0x000002ca286c5a10 JavaThread "JDWP Event Helper Thread"   daemon [_thread_blocked, id=10352, stack(0x000000eea6a00000,0x000000eea6b00000) (1024K)]
  0x000002ca286a2d80 JavaThread "JDWP Command Reader"        daemon [_thread_in_native, id=18624, stack(0x000000eea6b00000,0x000000eea6c00000) (1024K)]
  0x000002ca2895d060 JavaThread "Notification Thread"        daemon [_thread_blocked, id=19912, stack(0x000000eea6c00000,0x000000eea6d00000) (1024K)]
  0x000002ca6e348200 JavaThread "RMI TCP Accept-0"           daemon [_thread_in_native, id=19732, stack(0x000000eea6d00000,0x000000eea6e00000) (1024K)]
  0x000002ca6e352fc0 JavaThread "RMI TCP Accept-59241"       daemon [_thread_in_native, id=9428, stack(0x000000eea6e00000,0x000000eea6f00000) (1024K)]
  0x000002ca6e38d9d0 JavaThread "RMI TCP Accept-0"           daemon [_thread_in_native, id=11488, stack(0x000000eea7000000,0x000000eea7100000) (1024K)]
  0x000002ca6e428600 JavaThread "RMI Scheduler(0)"           daemon [_thread_blocked, id=7848, stack(0x000000eea7a00000,0x000000eea7b00000) (1024K)]
  0x000002ca6e3ba680 JavaThread "RMI TCP Connection(10)-127.0.0.1" daemon [_thread_in_native, id=7704, stack(0x000000eea7b00000,0x000000eea7c00000) (1024K)]
  0x000002ca6e485a40 JavaThread "JMX server connection timeout 40" daemon [_thread_blocked, id=3592, stack(0x000000eea7c00000,0x000000eea7d00000) (1024K)]
  0x000002ca6f5a0530 JavaThread "mysql-cj-abandoned-connection-cleanup" daemon [_thread_blocked, id=9600, stack(0x000000eea8e00000,0x000000eea8f00000) (1024K)]
  0x000002ca6f59f810 JavaThread "DestroyJavaVM"                     [_thread_blocked, id=10360, stack(0x000000eea5600000,0x000000eea5700000) (1024K)]
  0x000002ca6e7b81d0 JavaThread "Thread-1"                          [_thread_blocked, id=14796, stack(0x000000eea5300000,0x000000eea5400000) (1024K)]
=>0x000002ca6e7ba930 JavaThread "restartedMain"                     [_thread_in_Java, id=22396, stack(0x000000eea5500000,0x000000eea5600000) (1024K)]
  0x000002ca2861aa20 JavaThread "C1 CompilerThread1"         daemon [_thread_blocked, id=7856, stack(0x000000eea6800000,0x000000eea6900000) (1024K)]
  0x000002ca6e7b8860 JavaThread "Catalina-utility-1"                [_thread_blocked, id=19104, stack(0x000000eea6f00000,0x000000eea7000000) (1024K)]
  0x000002ca6e7bafc0 JavaThread "http-nio-8080-exec-1"       daemon [_thread_blocked, id=20608, stack(0x000000eea7d00000,0x000000eea7e00000) (1024K)]
  0x000002ca6e7bb650 JavaThread "http-nio-8080-exec-2"       daemon [_thread_blocked, id=18844, stack(0x000000eea7e00000,0x000000eea7f00000) (1024K)]
  0x000002ca6e7b8ef0 JavaThread "http-nio-8080-exec-3"       daemon [_thread_blocked, id=8460, stack(0x000000eea7f00000,0x000000eea8000000) (1024K)]
  0x000002ca6e7b9580 JavaThread "Catalina-utility-2"                [_thread_blocked, id=3476, stack(0x000000eea8200000,0x000000eea8300000) (1024K)]
  0x000002ca6e7b9c10 JavaThread "http-nio-8080-exec-4"       daemon [_thread_blocked, id=17776, stack(0x000000eea8300000,0x000000eea8400000) (1024K)]
  0x000002ca6e7ba2a0 JavaThread "http-nio-8080-exec-5"       daemon [_thread_blocked, id=16096, stack(0x000000eea8400000,0x000000eea8500000) (1024K)]
  0x000002ca6f5a1f70 JavaThread "http-nio-8080-exec-6"       daemon [_thread_blocked, id=12436, stack(0x000000eea8500000,0x000000eea8600000) (1024K)]
  0x000002ca6f5a1250 JavaThread "http-nio-8080-exec-7"       daemon [_thread_blocked, id=20196, stack(0x000000eea8600000,0x000000eea8700000) (1024K)]
  0x000002ca6f5a2600 JavaThread "http-nio-8080-exec-8"       daemon [_thread_blocked, id=13412, stack(0x000000eea8700000,0x000000eea8800000) (1024K)]
  0x000002ca6f59bd00 JavaThread "http-nio-8080-exec-9"       daemon [_thread_blocked, id=18492, stack(0x000000eea8800000,0x000000eea8900000) (1024K)]
  0x000002ca6f59ca20 JavaThread "http-nio-8080-exec-10"      daemon [_thread_blocked, id=4008, stack(0x000000eea8900000,0x000000eea8a00000) (1024K)]
  0x000002ca6f5a0bc0 JavaThread "container-0"                       [_thread_blocked, id=7720, stack(0x000000eea8a00000,0x000000eea8b00000) (1024K)]
Total: 36

Other Threads:
  0x000002ca28453df0 VMThread "VM Thread"                           [id=12988, stack(0x000000eea5d00000,0x000000eea5e00000) (1024K)] _threads_hazard_ptr=0x000002ca6fc38a50
  0x000002ca2843c730 WatcherThread "VM Periodic Task Thread"        [id=11536, stack(0x000000eea5c00000,0x000000eea5d00000) (1024K)]
  0x000002ca179949a0 WorkerThread "GC Thread#0"                     [id=10772, stack(0x000000eea5700000,0x000000eea5800000) (1024K)]
  0x000002ca6e3f3b30 WorkerThread "GC Thread#1"                     [id=9856, stack(0x000000eea7100000,0x000000eea7200000) (1024K)]
  0x000002ca6e3f3ed0 WorkerThread "GC Thread#2"                     [id=18656, stack(0x000000eea7200000,0x000000eea7300000) (1024K)]
  0x000002ca6e40cf20 WorkerThread "GC Thread#3"                     [id=8880, stack(0x000000eea7300000,0x000000eea7400000) (1024K)]
  0x000002ca6e40d2c0 WorkerThread "GC Thread#4"                     [id=1112, stack(0x000000eea7400000,0x000000eea7500000) (1024K)]
  0x000002ca6e40d660 WorkerThread "GC Thread#5"                     [id=21288, stack(0x000000eea7500000,0x000000eea7600000) (1024K)]
  0x000002ca6e40e220 WorkerThread "GC Thread#6"                     [id=17096, stack(0x000000eea7600000,0x000000eea7700000) (1024K)]
  0x000002ca6e3b58d0 WorkerThread "GC Thread#7"                     [id=13484, stack(0x000000eea7700000,0x000000eea7800000) (1024K)]
  0x000002ca6e3b4df0 WorkerThread "GC Thread#8"                     [id=15608, stack(0x000000eea7800000,0x000000eea7900000) (1024K)]
  0x000002ca6e3b5c70 WorkerThread "GC Thread#9"                     [id=13352, stack(0x000000eea7900000,0x000000eea7a00000) (1024K)]
  0x000002ca179a4bd0 ConcurrentGCThread "G1 Main Marker"            [id=19452, stack(0x000000eea5800000,0x000000eea5900000) (1024K)]
  0x000002ca157cd7c0 WorkerThread "G1 Conc#0"                       [id=9444, stack(0x000000eea5900000,0x000000eea5a00000) (1024K)]
  0x000002ca6e3b6010 WorkerThread "G1 Conc#1"                       [id=21236, stack(0x000000eea8000000,0x000000eea8100000) (1024K)]
  0x000002ca6e3b5190 WorkerThread "G1 Conc#2"                       [id=20544, stack(0x000000eea8100000,0x000000eea8200000) (1024K)]
  0x000002ca2830f550 ConcurrentGCThread "G1 Refine#0"               [id=11772, stack(0x000000eea5a00000,0x000000eea5b00000) (1024K)]
  0x000002ca2830fd70 ConcurrentGCThread "G1 Service"                [id=15592, stack(0x000000eea5b00000,0x000000eea5c00000) (1024K)]
Total: 18

Threads with active compile tasks:
Total: 0

VM state: synchronizing (normal execution)

VM Mutex/Monitor currently owned by a thread:  ([mutex/lock_event])
[0x00007ffdb553cd68] Threads_lock - owner thread: 0x000002ca28453df0

Heap address: 0x0000000082000000, size: 2016 MB, Compressed Oops mode: 32-bit

CDS archive(s) mapped at: [0x000002ca29000000-0x000002ca29c90000-0x000002ca29c90000), size 13172736, SharedBaseAddress: 0x000002ca29000000, ArchiveRelocationMode: 1.
Compressed class space mapped at: 0x000002ca2a000000-0x000002ca6a000000, reserved size: 1073741824
Narrow klass base: 0x000002ca29000000, Narrow klass shift: 0, Narrow klass range: 0x100000000

GC Precious Log:
 CardTable entry size: 512
 Card Set container configuration: InlinePtr #cards 5 size 8 Array Of Cards #cards 12 size 40 Howl #buckets 4 coarsen threshold 1843 Howl Bitmap #cards 512 size 80 coarsen threshold 460 Card regions per heap region 1 cards per card region 2048
 CPUs: 12 total, 12 available
 Memory: 8062M
 Large Page Support: Disabled
 NUMA Support: Disabled
 Compressed Oops: Enabled (32-bit)
 Heap Region Size: 1M
 Heap Min Capacity: 8M
 Heap Initial Capacity: 126M
 Heap Max Capacity: 2016M
 Pre-touch: Disabled
 Parallel Workers: 10
 Concurrent Workers: 3
 Concurrent Refinement Workers: 10
 Periodic GC: Disabled

Heap:
 garbage-first heap   total 61440K, used 30563K [0x0000000082000000, 0x0000000100000000)
  region size 1024K, 16 young (16384K), 4 survivors (4096K)
 Metaspace       used 37864K, committed 38528K, reserved 1114112K
  class space    used 5051K, committed 5312K, reserved 1048576K

Heap Regions: E=young(eden), S=young(survivor), O=old, HS=humongous(starts), HC=humongous(continues), CS=collection set, F=free, TAMS=top-at-mark-start, PB=parsable bottom
|   0|0x0000000082000000, 0x00000000820fffc8, 0x0000000082100000| 99%| O|  |TAMS 0x0000000082000000| PB 0x0000000082000000| Untracked 
|   1|0x0000000082100000, 0x0000000082200000, 0x0000000082200000|100%| O|  |TAMS 0x0000000082100000| PB 0x0000000082100000| Untracked 
|   2|0x0000000082200000, 0x00000000822ffff8, 0x0000000082300000| 99%| O|  |TAMS 0x0000000082200000| PB 0x0000000082200000| Untracked 
|   3|0x0000000082300000, 0x0000000082400000, 0x0000000082400000|100%| O|  |TAMS 0x0000000082300000| PB 0x0000000082300000| Untracked 
|   4|0x0000000082400000, 0x00000000824ffff0, 0x0000000082500000| 99%| O|  |TAMS 0x0000000082400000| PB 0x0000000082400000| Untracked 
|   5|0x0000000082500000, 0x00000000825fffb0, 0x0000000082600000| 99%| O|  |TAMS 0x0000000082500000| PB 0x0000000082500000| Untracked 
|   6|0x0000000082600000, 0x00000000826fffd8, 0x0000000082700000| 99%| O|  |TAMS 0x0000000082600000| PB 0x0000000082600000| Untracked 
|   7|0x0000000082700000, 0x00000000827fffc8, 0x0000000082800000| 99%| O|  |TAMS 0x0000000082700000| PB 0x0000000082700000| Untracked 
|   8|0x0000000082800000, 0x00000000828ffff0, 0x0000000082900000| 99%| O|  |TAMS 0x0000000082800000| PB 0x0000000082800000| Untracked 
|   9|0x0000000082900000, 0x00000000829ffff0, 0x0000000082a00000| 99%| O|  |TAMS 0x0000000082900000| PB 0x0000000082900000| Untracked 
|  10|0x0000000082a00000, 0x0000000082ac5e80, 0x0000000082b00000| 77%| O|  |TAMS 0x0000000082a00000| PB 0x0000000082a00000| Untracked 
|  11|0x0000000082b00000, 0x0000000082bfb790, 0x0000000082c00000| 98%| O|  |TAMS 0x0000000082b00000| PB 0x0000000082b00000| Untracked 
|  12|0x0000000082c00000, 0x0000000082cffff0, 0x0000000082d00000| 99%| O|  |TAMS 0x0000000082c00000| PB 0x0000000082c00000| Untracked 
|  13|0x0000000082d00000, 0x0000000082e00000, 0x0000000082e00000|100%| O|  |TAMS 0x0000000082d00000| PB 0x0000000082d00000| Untracked 
|  14|0x0000000082e00000, 0x0000000082efff90, 0x0000000082f00000| 99%| O|  |TAMS 0x0000000082e00000| PB 0x0000000082e00000| Untracked 
|  15|0x0000000082f00000, 0x0000000082f72730, 0x0000000083000000| 44%| O|  |TAMS 0x0000000082f00000| PB 0x0000000082f00000| Untracked 
|  16|0x0000000083000000, 0x0000000083000000, 0x0000000083100000|  0%| F|  |TAMS 0x0000000083000000| PB 0x0000000083000000| Untracked 
|  17|0x0000000083100000, 0x0000000083100000, 0x0000000083200000|  0%| F|  |TAMS 0x0000000083100000| PB 0x0000000083100000| Untracked 
|  18|0x0000000083200000, 0x00000000832939f8, 0x0000000083300000| 57%| O|  |TAMS 0x0000000083200000| PB 0x0000000083200000| Untracked 
|  19|0x0000000083300000, 0x0000000083392620, 0x0000000083400000| 57%| O|  |TAMS 0x0000000083300000| PB 0x0000000083300000| Untracked 
|  20|0x0000000083400000, 0x000000008344b968, 0x0000000083500000| 29%| O|  |TAMS 0x0000000083400000| PB 0x0000000083400000| Untracked 
|  21|0x0000000083500000, 0x0000000083533a08, 0x0000000083600000| 20%| S|CS|TAMS 0x0000000083500000| PB 0x0000000083500000| Complete 
|  22|0x0000000083600000, 0x0000000083700000, 0x0000000083700000|100%| S|CS|TAMS 0x0000000083600000| PB 0x0000000083600000| Complete 
|  23|0x0000000083700000, 0x0000000083800000, 0x0000000083800000|100%| S|CS|TAMS 0x0000000083700000| PB 0x0000000083700000| Complete 
|  24|0x0000000083800000, 0x0000000083900000, 0x0000000083900000|100%| S|CS|TAMS 0x0000000083800000| PB 0x0000000083800000| Complete 
|  25|0x0000000083900000, 0x0000000083900000, 0x0000000083a00000|  0%| F|  |TAMS 0x0000000083900000| PB 0x0000000083900000| Untracked 
|  26|0x0000000083a00000, 0x0000000083a00000, 0x0000000083b00000|  0%| F|  |TAMS 0x0000000083a00000| PB 0x0000000083a00000| Untracked 
|  27|0x0000000083b00000, 0x0000000083b00000, 0x0000000083c00000|  0%| F|  |TAMS 0x0000000083b00000| PB 0x0000000083b00000| Untracked 
|  28|0x0000000083c00000, 0x0000000083c00000, 0x0000000083d00000|  0%| F|  |TAMS 0x0000000083c00000| PB 0x0000000083c00000| Untracked 
|  29|0x0000000083d00000, 0x0000000083d00000, 0x0000000083e00000|  0%| F|  |TAMS 0x0000000083d00000| PB 0x0000000083d00000| Untracked 
|  30|0x0000000083e00000, 0x0000000083e00000, 0x0000000083f00000|  0%| F|  |TAMS 0x0000000083e00000| PB 0x0000000083e00000| Untracked 
|  31|0x0000000083f00000, 0x0000000083f00000, 0x0000000084000000|  0%| F|  |TAMS 0x0000000083f00000| PB 0x0000000083f00000| Untracked 
|  32|0x0000000084000000, 0x0000000084000000, 0x0000000084100000|  0%| F|  |TAMS 0x0000000084000000| PB 0x0000000084000000| Untracked 
|  33|0x0000000084100000, 0x0000000084100000, 0x0000000084200000|  0%| F|  |TAMS 0x0000000084100000| PB 0x0000000084100000| Untracked 
|  34|0x0000000084200000, 0x0000000084200000, 0x0000000084300000|  0%| F|  |TAMS 0x0000000084200000| PB 0x0000000084200000| Untracked 
|  35|0x0000000084300000, 0x0000000084300000, 0x0000000084400000|  0%| F|  |TAMS 0x0000000084300000| PB 0x0000000084300000| Untracked 
|  36|0x0000000084400000, 0x0000000084400000, 0x0000000084500000|  0%| F|  |TAMS 0x0000000084400000| PB 0x0000000084400000| Untracked 
|  37|0x0000000084500000, 0x0000000084500000, 0x0000000084600000|  0%| F|  |TAMS 0x0000000084500000| PB 0x0000000084500000| Untracked 
|  38|0x0000000084600000, 0x0000000084600000, 0x0000000084700000|  0%| F|  |TAMS 0x0000000084600000| PB 0x0000000084600000| Untracked 
|  39|0x0000000084700000, 0x0000000084700000, 0x0000000084800000|  0%| F|  |TAMS 0x0000000084700000| PB 0x0000000084700000| Untracked 
|  40|0x0000000084800000, 0x0000000084800000, 0x0000000084900000|  0%| F|  |TAMS 0x0000000084800000| PB 0x0000000084800000| Untracked 
|  41|0x0000000084900000, 0x0000000084900000, 0x0000000084a00000|  0%| F|  |TAMS 0x0000000084900000| PB 0x0000000084900000| Untracked 
|  42|0x0000000084a00000, 0x0000000084a00000, 0x0000000084b00000|  0%| F|  |TAMS 0x0000000084a00000| PB 0x0000000084a00000| Untracked 
|  43|0x0000000084b00000, 0x0000000084b00000, 0x0000000084c00000|  0%| F|  |TAMS 0x0000000084b00000| PB 0x0000000084b00000| Untracked 
|  44|0x0000000084c00000, 0x0000000084c00000, 0x0000000084d00000|  0%| F|  |TAMS 0x0000000084c00000| PB 0x0000000084c00000| Untracked 
|  45|0x0000000084d00000, 0x0000000084d00000, 0x0000000084e00000|  0%| F|  |TAMS 0x0000000084d00000| PB 0x0000000084d00000| Untracked 
|  46|0x0000000084e00000, 0x0000000084e00000, 0x0000000084f00000|  0%| F|  |TAMS 0x0000000084e00000| PB 0x0000000084e00000| Untracked 
|  47|0x0000000084f00000, 0x0000000084f00000, 0x0000000085000000|  0%| F|  |TAMS 0x0000000084f00000| PB 0x0000000084f00000| Untracked 
|  48|0x0000000085000000, 0x00000000850e73a0, 0x0000000085100000| 90%| E|  |TAMS 0x0000000085000000| PB 0x0000000085000000| Complete 
|  49|0x0000000085100000, 0x0000000085200000, 0x0000000085200000|100%| E|CS|TAMS 0x0000000085100000| PB 0x0000000085100000| Complete 
|  50|0x0000000085200000, 0x0000000085300000, 0x0000000085300000|100%| E|CS|TAMS 0x0000000085200000| PB 0x0000000085200000| Complete 
|  51|0x0000000085300000, 0x0000000085400000, 0x0000000085400000|100%| E|CS|TAMS 0x0000000085300000| PB 0x0000000085300000| Complete 
|  52|0x0000000085400000, 0x0000000085500000, 0x0000000085500000|100%| E|  |TAMS 0x0000000085400000| PB 0x0000000085400000| Complete 
| 113|0x0000000089100000, 0x0000000089200000, 0x0000000089200000|100%| E|CS|TAMS 0x0000000089100000| PB 0x0000000089100000| Complete 
| 114|0x0000000089200000, 0x0000000089300000, 0x0000000089300000|100%| E|CS|TAMS 0x0000000089200000| PB 0x0000000089200000| Complete 
| 115|0x0000000089300000, 0x0000000089400000, 0x0000000089400000|100%| E|CS|TAMS 0x0000000089300000| PB 0x0000000089300000| Complete 
| 116|0x0000000089400000, 0x0000000089500000, 0x0000000089500000|100%| E|CS|TAMS 0x0000000089400000| PB 0x0000000089400000| Complete 
| 124|0x0000000089c00000, 0x0000000089d00000, 0x0000000089d00000|100%| E|CS|TAMS 0x0000000089c00000| PB 0x0000000089c00000| Complete 
| 125|0x0000000089d00000, 0x0000000089e00000, 0x0000000089e00000|100%| E|CS|TAMS 0x0000000089d00000| PB 0x0000000089d00000| Complete 
|2015|0x00000000fff00000, 0x0000000100000000, 0x0000000100000000|100%| E|CS|TAMS 0x00000000fff00000| PB 0x00000000fff00000| Complete 

Card table byte_map: [0x000002ca234c0000,0x000002ca238b0000] _byte_map_base: 0x000002ca230b0000

Marking Bits: (CMBitMap*) 0x000002ca157cbf70
 Bits: [0x000002ca238b0000, 0x000002ca25830000)

Polling page: 0x000002ca158c0000

Metaspace:

Usage:
  Non-class:     32.04 MB used.
      Class:      4.93 MB used.
       Both:     36.98 MB used.

Virtual space:
  Non-class space:       64.00 MB reserved,      32.44 MB ( 51%) committed,  1 nodes.
      Class space:        1.00 GB reserved,       5.19 MB ( <1%) committed,  1 nodes.
             Both:        1.06 GB reserved,      37.62 MB (  3%) committed. 

Chunk freelists:
   Non-Class:  15.53 MB
       Class:  10.63 MB
        Both:  26.16 MB

MaxMetaspaceSize: unlimited
CompressedClassSpaceSize: 1.00 GB
Initial GC threshold: 21.00 MB
Current GC threshold: 62.50 MB
CDS: on
 - commit_granule_bytes: 65536.
 - commit_granule_words: 8192.
 - virtual_space_node_default_size: 8388608.
 - enlarge_chunks_in_place: 1.
 - use_allocation_guard: 0.


Internal statistics:

num_allocs_failed_limit: 3.
num_arena_births: 946.
num_arena_deaths: 56.
num_vsnodes_births: 2.
num_vsnodes_deaths: 0.
num_space_committed: 602.
num_space_uncommitted: 0.
num_chunks_returned_to_freelist: 87.
num_chunks_taken_from_freelist: 2254.
num_chunk_merges: 27.
num_chunk_splits: 1461.
num_chunks_enlarged: 977.
num_inconsistent_stats: 0.

CodeCache: size=49152Kb used=11541Kb max_used=11541Kb free=37610Kb
 bounds [0x000002ca1fda0000, 0x000002ca208f0000, 0x000002ca22da0000]
 total_blobs=6213 nmethods=5612 adapters=524
 compilation: enabled
              stopped_count=0, restarted_count=0
 full_count=0

Compilation events (20 events):
Event: 129.772 Thread 0x000002ca2861aa20 nmethod 5693 0x000002ca208e0a90 code [0x000002ca208e0c60, 0x000002ca208e0e20]
Event: 129.772 Thread 0x000002ca2861aa20 5695       1       sun.reflect.annotation.AnnotationSupport::getIndirectlyPresent (60 bytes)
Event: 129.772 Thread 0x000002ca2861aa20 nmethod 5695 0x000002ca208e0f10 code [0x000002ca208e1160, 0x000002ca208e16c8]
Event: 129.772 Thread 0x000002ca2861aa20 5696       1       java.lang.Class::getDeclaredAnnotation (22 bytes)
Event: 129.772 Thread 0x000002ca2847eba0 nmethod 5694 0x000002ca208e1a90 code [0x000002ca208e1ce0, 0x000002ca208e2410]
Event: 129.772 Thread 0x000002ca2861aa20 nmethod 5696 0x000002ca208e2810 code [0x000002ca208e29e0, 0x000002ca208e2c08]
Event: 129.774 Thread 0x000002ca2847eba0 5697   !   1       jdk.proxy1.$Proxy4::annotationType (29 bytes)
Event: 129.774 Thread 0x000002ca2847eba0 nmethod 5697 0x000002ca208e2d10 code [0x000002ca208e2ee0, 0x000002ca208e3148]
Event: 129.775 Thread 0x000002ca2847eba0 5698       1       sun.reflect.generics.scope.AbstractScope::getRecvr (5 bytes)
Event: 129.775 Thread 0x000002ca2847eba0 nmethod 5698 0x000002ca208e3310 code [0x000002ca208e34a0, 0x000002ca208e3568]
Event: 129.775 Thread 0x000002ca2847eba0 5699       1       org.springframework.beans.factory.support.DefaultSingletonBeanRegistry::getSingletonMutex (5 bytes)
Event: 129.775 Thread 0x000002ca2847eba0 nmethod 5699 0x000002ca208e3610 code [0x000002ca208e37a0, 0x000002ca208e3868]
Event: 129.777 Thread 0x000002ca2861aa20 5700       1       java.util.concurrent.ThreadLocalRandom::getProbe (13 bytes)
Event: 129.777 Thread 0x000002ca2861aa20 nmethod 5700 0x000002ca208e3910 code [0x000002ca208e3aa0, 0x000002ca208e3b60]
Event: 129.779 Thread 0x000002ca2861aa20 5701   !   1       jdk.proxy1.$Proxy5::annotationType (29 bytes)
Event: 129.779 Thread 0x000002ca2861aa20 nmethod 5701 0x000002ca208e3c10 code [0x000002ca208e3de0, 0x000002ca208e4048]
Event: 129.780 Thread 0x000002ca2861aa20 5702       1       java.lang.reflect.ProxyGenerator$PrimitiveTypeInfo::get (97 bytes)
Event: 129.781 Thread 0x000002ca2861aa20 nmethod 5702 0x000002ca208e4210 code [0x000002ca208e4420, 0x000002ca208e4790]
Event: 129.785 Thread 0x000002ca2861aa20 5703       1       org.springframework.core.annotation.AnnotationTypeMapping::processAliases (199 bytes)
Event: 129.786 Thread 0x000002ca2861aa20 nmethod 5703 0x000002ca208e4890 code [0x000002ca208e4ac0, 0x000002ca208e4fb8]

GC Heap History (20 events):
Event: 1.220 GC heap before
{Heap before GC invocations=6 (full 0):
 garbage-first heap   total 41984K, used 31655K [0x0000000082000000, 0x0000000100000000)
  region size 1024K, 24 young (24576K), 2 survivors (2048K)
 Metaspace       used 21665K, committed 22016K, reserved 1114112K
  class space    used 2784K, committed 2944K, reserved 1048576K
}
Event: 1.221 GC heap after
{Heap after GC invocations=7 (full 0):
 garbage-first heap   total 51200K, used 11918K [0x0000000082000000, 0x0000000100000000)
  region size 1024K, 3 young (3072K), 3 survivors (3072K)
 Metaspace       used 21665K, committed 22016K, reserved 1114112K
  class space    used 2784K, committed 2944K, reserved 1048576K
}
Event: 1.395 GC heap before
{Heap before GC invocations=7 (full 0):
 garbage-first heap   total 51200K, used 38542K [0x0000000082000000, 0x0000000100000000)
  region size 1024K, 30 young (30720K), 3 survivors (3072K)
 Metaspace       used 23032K, committed 23360K, reserved 1114112K
  class space    used 2980K, committed 3136K, reserved 1048576K
}
Event: 1.397 GC heap after
{Heap after GC invocations=8 (full 0):
 garbage-first heap   total 51200K, used 12799K [0x0000000082000000, 0x0000000100000000)
  region size 1024K, 3 young (3072K), 3 survivors (3072K)
 Metaspace       used 23032K, committed 23360K, reserved 1114112K
  class space    used 2980K, committed 3136K, reserved 1048576K
}
Event: 1.574 GC heap before
{Heap before GC invocations=8 (full 0):
 garbage-first heap   total 51200K, used 39423K [0x0000000082000000, 0x0000000100000000)
  region size 1024K, 30 young (30720K), 3 survivors (3072K)
 Metaspace       used 25126K, committed 25600K, reserved 1114112K
  class space    used 3297K, committed 3520K, reserved 1048576K
}
Event: 1.576 GC heap after
{Heap after GC invocations=9 (full 0):
 garbage-first heap   total 51200K, used 13906K [0x0000000082000000, 0x0000000100000000)
  region size 1024K, 3 young (3072K), 3 survivors (3072K)
 Metaspace       used 25126K, committed 25600K, reserved 1114112K
  class space    used 3297K, committed 3520K, reserved 1048576K
}
Event: 1.757 GC heap before
{Heap before GC invocations=9 (full 0):
 garbage-first heap   total 51200K, used 41554K [0x0000000082000000, 0x0000000100000000)
  region size 1024K, 30 young (30720K), 3 survivors (3072K)
 Metaspace       used 27570K, committed 28096K, reserved 1114112K
  class space    used 3672K, committed 3904K, reserved 1048576K
}
Event: 1.760 GC heap after
{Heap after GC invocations=10 (full 0):
 garbage-first heap   total 51200K, used 15770K [0x0000000082000000, 0x0000000100000000)
  region size 1024K, 4 young (4096K), 4 survivors (4096K)
 Metaspace       used 27570K, committed 28096K, reserved 1114112K
  class space    used 3672K, committed 3904K, reserved 1048576K
}
Event: 1.914 GC heap before
{Heap before GC invocations=10 (full 0):
 garbage-first heap   total 51200K, used 42394K [0x0000000082000000, 0x0000000100000000)
  region size 1024K, 30 young (30720K), 4 survivors (4096K)
 Metaspace       used 29640K, committed 30208K, reserved 1114112K
  class space    used 3920K, committed 4160K, reserved 1048576K
}
Event: 1.918 GC heap after
{Heap after GC invocations=11 (full 0):
 garbage-first heap   total 61440K, used 16897K [0x0000000082000000, 0x0000000100000000)
  region size 1024K, 4 young (4096K), 4 survivors (4096K)
 Metaspace       used 29640K, committed 30208K, reserved 1114112K
  class space    used 3920K, committed 4160K, reserved 1048576K
}
Event: 1.977 GC heap before
{Heap before GC invocations=11 (full 0):
 garbage-first heap   total 61440K, used 27137K [0x0000000082000000, 0x0000000100000000)
  region size 1024K, 15 young (15360K), 4 survivors (4096K)
 Metaspace       used 30522K, committed 31040K, reserved 1114112K
  class space    used 4051K, committed 4288K, reserved 1048576K
}
Event: 1.979 GC heap after
{Heap after GC invocations=12 (full 0):
 garbage-first heap   total 61440K, used 17506K [0x0000000082000000, 0x0000000100000000)
  region size 1024K, 2 young (2048K), 2 survivors (2048K)
 Metaspace       used 30522K, committed 31040K, reserved 1114112K
  class space    used 4051K, committed 4288K, reserved 1048576K
}
Event: 2.174 GC heap before
{Heap before GC invocations=13 (full 0):
 garbage-first heap   total 61440K, used 52322K [0x0000000082000000, 0x0000000100000000)
  region size 1024K, 36 young (36864K), 2 survivors (2048K)
 Metaspace       used 34794K, committed 35456K, reserved 1114112K
  class space    used 4593K, committed 4864K, reserved 1048576K
}
Event: 2.176 GC heap after
{Heap after GC invocations=14 (full 0):
 garbage-first heap   total 61440K, used 18841K [0x0000000082000000, 0x0000000100000000)
  region size 1024K, 4 young (4096K), 4 survivors (4096K)
 Metaspace       used 34794K, committed 35456K, reserved 1114112K
  class space    used 4593K, committed 4864K, reserved 1048576K
}
Event: 2.376 GC heap before
{Heap before GC invocations=14 (full 0):
 garbage-first heap   total 61440K, used 51609K [0x0000000082000000, 0x0000000100000000)
  region size 1024K, 36 young (36864K), 4 survivors (4096K)
 Metaspace       used 37039K, committed 37632K, reserved 1114112K
  class space    used 4908K, committed 5184K, reserved 1048576K
}
Event: 2.382 GC heap after
{Heap after GC invocations=15 (full 0):
 garbage-first heap   total 61440K, used 20989K [0x0000000082000000, 0x0000000100000000)
  region size 1024K, 5 young (5120K), 5 survivors (5120K)
 Metaspace       used 37039K, committed 37632K, reserved 1114112K
  class space    used 4908K, committed 5184K, reserved 1048576K
}
Event: 129.380 GC heap before
{Heap before GC invocations=15 (full 0):
 garbage-first heap   total 61440K, used 39421K [0x0000000082000000, 0x0000000100000000)
  region size 1024K, 24 young (24576K), 5 survivors (5120K)
 Metaspace       used 37808K, committed 38400K, reserved 1114112K
  class space    used 5041K, committed 5312K, reserved 1048576K
}
Event: 129.405 GC heap after
{Heap after GC invocations=16 (full 1):
 garbage-first heap   total 61440K, used 17045K [0x0000000082000000, 0x0000000100000000)
  region size 1024K, 0 young (0K), 0 survivors (0K)
 Metaspace       used 37750K, committed 38400K, reserved 1114112K
  class space    used 5028K, committed 5312K, reserved 1048576K
}
Event: 129.740 GC heap before
{Heap before GC invocations=16 (full 1):
 garbage-first heap   total 61440K, used 52885K [0x0000000082000000, 0x0000000100000000)
  region size 1024K, 35 young (35840K), 0 survivors (0K)
 Metaspace       used 37813K, committed 38464K, reserved 1114112K
  class space    used 5044K, committed 5312K, reserved 1048576K
}
Event: 129.742 GC heap after
{Heap after GC invocations=17 (full 1):
 garbage-first heap   total 61440K, used 20323K [0x0000000082000000, 0x0000000100000000)
  region size 1024K, 4 young (4096K), 4 survivors (4096K)
 Metaspace       used 37813K, committed 38464K, reserved 1114112K
  class space    used 5044K, committed 5312K, reserved 1048576K
}

Dll operation events (12 events):
Event: 0.014 Loaded shared library C:\Program Files\Java\jdk-21\bin\java.dll
Event: 0.193 Loaded shared library C:\Program Files\Java\jdk-21\bin\zip.dll
Event: 0.198 Loaded shared library C:\Program Files\Java\jdk-21\bin\instrument.dll
Event: 0.201 Loaded shared library C:\Program Files\Java\jdk-21\bin\net.dll
Event: 0.202 Loaded shared library C:\Program Files\Java\jdk-21\bin\nio.dll
Event: 0.204 Loaded shared library C:\Program Files\Java\jdk-21\bin\zip.dll
Event: 0.283 Loaded shared library C:\Program Files\Java\jdk-21\bin\jimage.dll
Event: 0.310 Loaded shared library C:\Program Files\Java\jdk-21\bin\management.dll
Event: 0.316 Loaded shared library C:\Program Files\Java\jdk-21\bin\management_ext.dll
Event: 0.442 Loaded shared library C:\Program Files\Java\jdk-21\bin\extnet.dll
Event: 0.457 Loaded shared library C:\Program Files\Java\jdk-21\bin\verify.dll
Event: 1.139 Loaded shared library C:\Program Files\Java\jdk-21\bin\sunmscapi.dll

Deoptimization events (20 events):
Event: 129.774 Thread 0x000002ca6e7ba930 DEOPT PACKING pc=0x000002ca2057555c sp=0x000000eea55fc0b0
Event: 129.774 Thread 0x000002ca6e7ba930 DEOPT UNPACKING pc=0x000002ca1fdf4e42 sp=0x000000eea55fb5e8 mode 1
Event: 129.774 Thread 0x000002ca6e7ba930 DEOPT PACKING pc=0x000002ca205764e4 sp=0x000000eea55fc1a0
Event: 129.774 Thread 0x000002ca6e7ba930 DEOPT UNPACKING pc=0x000002ca1fdf4e42 sp=0x000000eea55fb750 mode 1
Event: 129.774 Thread 0x000002ca6e7ba930 DEOPT PACKING pc=0x000002ca20577794 sp=0x000000eea55fc310
Event: 129.774 Thread 0x000002ca6e7ba930 DEOPT UNPACKING pc=0x000002ca1fdf4e42 sp=0x000000eea55fb8d0 mode 1
Event: 129.782 Thread 0x000002ca6e7ba930 DEOPT PACKING pc=0x000002ca2057555c sp=0x000000eea55fb850
Event: 129.782 Thread 0x000002ca6e7ba930 DEOPT UNPACKING pc=0x000002ca1fdf4e42 sp=0x000000eea55fad88 mode 1
Event: 129.782 Thread 0x000002ca6e7ba930 DEOPT PACKING pc=0x000002ca205764e4 sp=0x000000eea55fb940
Event: 129.782 Thread 0x000002ca6e7ba930 DEOPT UNPACKING pc=0x000002ca1fdf4e42 sp=0x000000eea55faef0 mode 1
Event: 129.782 Thread 0x000002ca6e7ba930 DEOPT PACKING pc=0x000002ca20577794 sp=0x000000eea55fbab0
Event: 129.782 Thread 0x000002ca6e7ba930 DEOPT UNPACKING pc=0x000002ca1fdf4e42 sp=0x000000eea55fb070 mode 1
Event: 129.783 Thread 0x000002ca6e7ba930 DEOPT PACKING pc=0x000002ca2057555c sp=0x000000eea55fcf30
Event: 129.783 Thread 0x000002ca6e7ba930 DEOPT UNPACKING pc=0x000002ca1fdf4e42 sp=0x000000eea55fc468 mode 1
Event: 129.783 Thread 0x000002ca6e7ba930 DEOPT PACKING pc=0x000002ca205764e4 sp=0x000000eea55fd020
Event: 129.783 Thread 0x000002ca6e7ba930 DEOPT UNPACKING pc=0x000002ca1fdf4e42 sp=0x000000eea55fc5d0 mode 1
Event: 129.783 Thread 0x000002ca6e7ba930 DEOPT PACKING pc=0x000002ca20577794 sp=0x000000eea55fd190
Event: 129.783 Thread 0x000002ca6e7ba930 DEOPT UNPACKING pc=0x000002ca1fdf4e42 sp=0x000000eea55fc750 mode 1
Event: 133.774 Thread 0x000002ca6e7ba930 DEOPT PACKING pc=0x000002ca201dd534 sp=0x000000eea55fde90
Event: 133.774 Thread 0x000002ca6e7ba930 DEOPT UNPACKING pc=0x000002ca1fdf4e42 sp=0x000000eea55fd348 mode 0

Classes loaded (20 events):
Event: 129.366 Loading class sun/net/spi/DefaultProxySelector$1
Event: 129.366 Loading class sun/net/spi/DefaultProxySelector$1 done
Event: 129.366 Loading class sun/net/spi/DefaultProxySelector$NonProxyInfo
Event: 129.366 Loading class sun/net/spi/DefaultProxySelector$NonProxyInfo done
Event: 129.367 Loading class sun/net/spi/DefaultProxySelector$3
Event: 129.367 Loading class sun/net/spi/DefaultProxySelector$3 done
Event: 129.368 Loading class java/util/concurrent/locks/AbstractQueuedSynchronizer$SharedNode
Event: 129.368 Loading class java/util/concurrent/locks/AbstractQueuedSynchronizer$SharedNode done
Event: 129.376 Loading class java/util/WeakHashMap$KeyIterator
Event: 129.376 Loading class java/util/WeakHashMap$HashIterator
Event: 129.376 Loading class java/util/WeakHashMap$HashIterator done
Event: 129.376 Loading class java/util/WeakHashMap$KeyIterator done
Event: 129.405 Loading class java/lang/ref/Finalizer$2
Event: 129.406 Loading class java/lang/ref/Finalizer$2 done
Event: 129.406 Loading class java/lang/ref/Finalizer$1
Event: 129.406 Loading class java/lang/ref/Finalizer$1 done
Event: 129.618 Loading class java/util/WeakHashMap$EntrySet
Event: 129.619 Loading class java/util/WeakHashMap$EntrySet done
Event: 129.619 Loading class java/util/WeakHashMap$EntryIterator
Event: 129.619 Loading class java/util/WeakHashMap$EntryIterator done

Classes unloaded (20 events):
Event: 129.385 Thread 0x000002ca28453df0 Unloading class 0x000002ca2a517c00 'java/lang/invoke/LambdaForm$MH+0x000002ca2a517c00'
Event: 129.385 Thread 0x000002ca28453df0 Unloading class 0x000002ca2a517800 'java/lang/invoke/LambdaForm$MH+0x000002ca2a517800'
Event: 129.385 Thread 0x000002ca28453df0 Unloading class 0x000002ca2a517400 'java/lang/invoke/LambdaForm$MH+0x000002ca2a517400'
Event: 129.385 Thread 0x000002ca28453df0 Unloading class 0x000002ca2a516c00 'java/lang/invoke/LambdaForm$MH+0x000002ca2a516c00'
Event: 129.385 Thread 0x000002ca28453df0 Unloading class 0x000002ca2a516800 'java/lang/invoke/LambdaForm$MH+0x000002ca2a516800'
Event: 129.385 Thread 0x000002ca28453df0 Unloading class 0x000002ca2a516400 'java/lang/invoke/LambdaForm$MH+0x000002ca2a516400'
Event: 129.385 Thread 0x000002ca28453df0 Unloading class 0x000002ca2a515c00 'java/lang/invoke/LambdaForm$MH+0x000002ca2a515c00'
Event: 129.385 Thread 0x000002ca28453df0 Unloading class 0x000002ca2a515400 'java/lang/invoke/LambdaForm$MH+0x000002ca2a515400'
Event: 129.385 Thread 0x000002ca28453df0 Unloading class 0x000002ca2a515800 'java/lang/invoke/LambdaForm$MH+0x000002ca2a515800'
Event: 129.385 Thread 0x000002ca28453df0 Unloading class 0x000002ca2a514c00 'java/lang/invoke/LambdaForm$MH+0x000002ca2a514c00'
Event: 129.385 Thread 0x000002ca28453df0 Unloading class 0x000002ca2a514800 'java/lang/invoke/LambdaForm$MH+0x000002ca2a514800'
Event: 129.385 Thread 0x000002ca28453df0 Unloading class 0x000002ca2a514400 'java/lang/invoke/LambdaForm$MH+0x000002ca2a514400'
Event: 129.385 Thread 0x000002ca28453df0 Unloading class 0x000002ca2a513c00 'java/lang/invoke/LambdaForm$MH+0x000002ca2a513c00'
Event: 129.385 Thread 0x000002ca28453df0 Unloading class 0x000002ca2a513800 'java/lang/invoke/LambdaForm$MH+0x000002ca2a513800'
Event: 129.385 Thread 0x000002ca28453df0 Unloading class 0x000002ca2a513000 'java/lang/invoke/LambdaForm$DMH+0x000002ca2a513000'
Event: 129.385 Thread 0x000002ca28453df0 Unloading class 0x000002ca2a512c00 'java/lang/invoke/LambdaForm$DMH+0x000002ca2a512c00'
Event: 129.385 Thread 0x000002ca28453df0 Unloading class 0x000002ca2a512800 'java/lang/invoke/LambdaForm$DMH+0x000002ca2a512800'
Event: 129.385 Thread 0x000002ca28453df0 Unloading class 0x000002ca2a512400 'jdk/internal/reflect/GeneratedSerializationConstructorAccessor22'
Event: 129.385 Thread 0x000002ca28453df0 Unloading class 0x000002ca2a511c00 'jdk/internal/reflect/GeneratedSerializationConstructorAccessor21'
Event: 129.385 Thread 0x000002ca28453df0 Unloading class 0x000002ca2a512000 'jdk/internal/reflect/GeneratedSerializationConstructorAccessor20'

Classes redefined (3 events):
Event: 128.274 Thread 0x000002ca28453df0 redefined class name=com.quiz.lesson05.Lesson05Controller, count=1
Event: 133.786 Thread 0x000002ca28453df0 redefined class name=com.quiz.lesson05.Lesson05Controller, count=1
Event: 133.786 Thread 0x000002ca28453df0 redefined class name=com.quiz.lesson05.Lesson05Controller, count=2

Internal exceptions (20 events):
Event: 2.398 Thread 0x000002ca6e7b81d0 Exception <a 'java/lang/NoSuchMethodError'{0x0000000089d87968}: 'java.lang.Object java.lang.invoke.DirectMethodHandle$Holder.invokeSpecial(java.lang.Object, java.lang.Object, java.lang.Object, int, java.lang.Object, int)'> (0x0000000089d87968) 
thrown [s\open\src\hotspot\share\interpreter\linkResolver.cpp, line 773]
Event: 2.557 Thread 0x000002ca6f59eaf0 Exception <a 'java/lang/NoSuchMethodError'{0x000000008918da78}: 'java.lang.Object java.lang.invoke.DirectMethodHandle$Holder.invokeInterface(java.lang.Object, java.lang.Object, java.lang.Object, java.lang.Object, java.lang.Object, java.lang.Object, java.lang.Object)'> (0x000000008918da78) 
thrown [s\open\src\hotspot\share\interpreter\linkResolver.cpp, line 773]
Event: 2.557 Thread 0x000002ca6e7b81d0 Exception <a 'java/lang/NoSuchMethodError'{0x00000000891b89e0}: 'java.lang.Object java.lang.invoke.DirectMethodHandle$Holder.invokeInterface(java.lang.Object, java.lang.Object, java.lang.Object, java.lang.Object, java.lang.Object, java.lang.Object, java.lang.Object)'> (0x00000000891b89e0) 
thrown [s\open\src\hotspot\share\interpreter\linkResolver.cpp, line 773]
Event: 2.557 Thread 0x000002ca6f59f180 Exception <a 'java/lang/NoSuchMethodError'{0x000000008914d1a0}: 'java.lang.Object java.lang.invoke.DirectMethodHandle$Holder.invokeInterface(java.lang.Object, java.lang.Object, java.lang.Object, java.lang.Object, java.lang.Object, java.lang.Object, java.lang.Object)'> (0x000000008914d1a0) 
thrown [s\open\src\hotspot\share\interpreter\linkResolver.cpp, line 773]
Event: 2.557 Thread 0x000002ca6e3ba680 Exception <a 'java/lang/NoSuchMethodError'{0x00000000891c9698}: 'java.lang.Object java.lang.invoke.DirectMethodHandle$Holder.invokeInterface(java.lang.Object, java.lang.Object, java.lang.Object, java.lang.Object, java.lang.Object, java.lang.Object, java.lang.Object)'> (0x00000000891c9698) 
thrown [s\open\src\hotspot\share\interpreter\linkResolver.cpp, line 773]
Event: 2.562 Thread 0x000002ca6f59f180 Exception <a 'java/lang/NoSuchMethodError'{0x0000000085434c88}: 'void java.lang.invoke.DirectMethodHandle$Holder.invokeInterface(java.lang.Object, java.lang.Object)'> (0x0000000085434c88) 
thrown [s\open\src\hotspot\share\interpreter\linkResolver.cpp, line 773]
Event: 2.562 Thread 0x000002ca6e7b81d0 Exception <a 'java/lang/NoSuchMethodError'{0x000000008545fdf0}: 'void java.lang.invoke.DirectMethodHandle$Holder.invokeInterface(java.lang.Object, java.lang.Object)'> (0x000000008545fdf0) 
thrown [s\open\src\hotspot\share\interpreter\linkResolver.cpp, line 773]
Event: 129.358 Thread 0x000002ca6e7b81d0 Exception <a 'java/lang/NoSuchMethodError'{0x0000000084a606f0}: 'java.lang.Object java.lang.invoke.DirectMethodHandle$Holder.newInvokeSpecial(java.lang.Object, java.lang.Object, int, java.lang.Object)'> (0x0000000084a606f0) 
thrown [s\open\src\hotspot\share\interpreter\linkResolver.cpp, line 773]
Event: 129.358 Thread 0x000002ca6e7b81d0 Exception <a 'java/lang/NoSuchMethodError'{0x0000000084a63da0}: 'java.lang.Object java.lang.invoke.Invokers$Holder.linkToTargetMethod(java.lang.Object, int, java.lang.Object, java.lang.Object)'> (0x0000000084a63da0) 
thrown [s\open\src\hotspot\share\interpreter\linkResolver.cpp, line 773]
Event: 129.378 Thread 0x000002ca6f5a2c90 Exception <a 'java/lang/InterruptedException'{0x00000000849e6cc8}: sleep interrupted> (0x00000000849e6cc8) 
thrown [s\open\src\hotspot\share\prims\jvm.cpp, line 3074]
Event: 129.417 Thread 0x000002ca6e7ba930 Exception <a 'sun/nio/fs/WindowsException'{0x00000000fff7c4d8}> (0x00000000fff7c4d8) 
thrown [s\open\src\hotspot\share\prims\jni.cpp, line 520]
Event: 129.622 Thread 0x000002ca6e7ba930 Exception <a 'java/lang/NoClassDefFoundError'{0x00000000845831b0}: org/flywaydb/core/Flyway> (0x00000000845831b0) 
thrown [s\open\src\hotspot\share\oops\constantPool.cpp, line 871]
Event: 129.624 Thread 0x000002ca6e7ba930 Exception <a 'java/lang/NoClassDefFoundError'{0x0000000084583810}: liquibase/integration/spring/SpringLiquibase> (0x0000000084583810) 
thrown [s\open\src\hotspot\share\oops\constantPool.cpp, line 871]
Event: 129.626 Thread 0x000002ca6e7ba930 Exception <a 'java/lang/NoClassDefFoundError'{0x000000008459d388}: org/springframework/batch/core/repository/JobRepository> (0x000000008459d388) 
thrown [s\open\src\hotspot\share\oops\constantPool.cpp, line 871]
Event: 129.627 Thread 0x000002ca6e7ba930 Exception <a 'java/lang/NoClassDefFoundError'{0x000000008459da10}: org/quartz/Scheduler> (0x000000008459da10) 
thrown [s\open\src\hotspot\share\oops\constantPool.cpp, line 871]
Event: 129.627 Thread 0x000002ca6e7ba930 Exception <a 'java/lang/NoClassDefFoundError'{0x000000008459e090}: org/springframework/session/jdbc/JdbcIndexedSessionRepository> (0x000000008459e090) 
thrown [s\open\src\hotspot\share\oops\constantPool.cpp, line 871]
Event: 129.629 Thread 0x000002ca6e7ba930 Exception <a 'java/lang/NoClassDefFoundError'{0x00000000845e6d28}: org/jooq/DSLContext> (0x00000000845e6d28) 
thrown [s\open\src\hotspot\share\oops\constantPool.cpp, line 871]
Event: 129.630 Thread 0x000002ca6e7ba930 Exception <a 'java/lang/NoClassDefFoundError'{0x00000000845e85f8}: jakarta/persistence/EntityManagerFactory> (0x00000000845e85f8) 
thrown [s\open\src\hotspot\share\oops\constantPool.cpp, line 871]
Event: 129.665 Thread 0x000002ca6e7ba930 Exception <a 'java/io/FileNotFoundException'{0x0000000083f3a5c8}> (0x0000000083f3a5c8) 
thrown [s\open\src\hotspot\share\prims\jni.cpp, line 520]
Event: 129.681 Thread 0x000002ca6e7ba930 Exception <a 'java/io/FileNotFoundException'{0x0000000083e65ed0}> (0x0000000083e65ed0) 
thrown [s\open\src\hotspot\share\prims\jni.cpp, line 520]

ZGC Phase Switch (0 events):
No events

VM Operations (20 events):
Event: 131.195 Executing VM operation: get/set locals
Event: 131.195 Executing VM operation: get/set locals done
Event: 131.196 Executing VM operation: get/set locals
Event: 131.196 Executing VM operation: get/set locals done
Event: 131.196 Executing VM operation: get/set locals
Event: 131.196 Executing VM operation: get/set locals done
Event: 131.197 Executing VM operation: get/set locals
Event: 131.197 Executing VM operation: get/set locals done
Event: 131.197 Executing VM operation: get/set locals
Event: 131.197 Executing VM operation: get/set locals done
Event: 131.198 Executing VM operation: get/set locals
Event: 131.198 Executing VM operation: get/set locals done
Event: 133.774 Executing VM operation: ChangeSingleStep
Event: 133.774 Executing VM operation: ChangeSingleStep done
Event: 133.774 Executing VM operation: ChangeSingleStep
Event: 133.774 Executing VM operation: ChangeSingleStep done
Event: 133.782 Executing VM operation: RedefineClasses
Event: 133.794 Executing VM operation: RedefineClasses done
Event: 133.795 Executing VM operation: ChangeSingleStep
Event: 133.795 Executing VM operation: ChangeSingleStep done

Events (20 events):
Event: 129.390 Thread 0x000002ca28453df0 flushing nmethod 0x000002ca200e8890
Event: 129.407 Thread 0x000002ca6e7ba930 Thread added: 0x000002ca6e7ba930
Event: 129.407 Thread 0x000002ca6e7ba930 Thread exited: 0x000002ca6e7ba930
Event: 129.408 Thread 0x000002ca6e7ba930 Thread added: 0x000002ca6e7ba930
Event: 129.430 Thread 0x000002ca2861aa20 Thread added: 0x000002ca2861aa20
Event: 129.460 Thread 0x000002ca6e7ba2a0 Thread added: 0x000002ca6e7ba2a0
Event: 129.489 Thread 0x000002ca6e7ba2a0 Thread exited: 0x000002ca6e7ba2a0
Event: 129.682 Thread 0x000002ca6e7b8860 Thread added: 0x000002ca6e7b8860
Event: 129.682 Thread 0x000002ca6e7bafc0 Thread added: 0x000002ca6e7bafc0
Event: 129.682 Thread 0x000002ca6e7bb650 Thread added: 0x000002ca6e7bb650
Event: 129.682 Thread 0x000002ca6e7b8ef0 Thread added: 0x000002ca6e7b8ef0
Event: 129.682 Thread 0x000002ca6e7b9580 Thread added: 0x000002ca6e7b9580
Event: 129.682 Thread 0x000002ca6e7b9c10 Thread added: 0x000002ca6e7b9c10
Event: 129.682 Thread 0x000002ca6e7ba2a0 Thread added: 0x000002ca6e7ba2a0
Event: 129.682 Thread 0x000002ca6f5a1f70 Thread added: 0x000002ca6f5a1f70
Event: 129.682 Thread 0x000002ca6f5a1250 Thread added: 0x000002ca6f5a1250
Event: 129.682 Thread 0x000002ca6f5a2600 Thread added: 0x000002ca6f5a2600
Event: 129.682 Thread 0x000002ca6f59bd00 Thread added: 0x000002ca6f59bd00
Event: 129.682 Thread 0x000002ca6f59ca20 Thread added: 0x000002ca6f59ca20
Event: 129.683 Thread 0x000002ca6f5a0bc0 Thread added: 0x000002ca6f5a0bc0


Dynamic libraries:
0x00007ff74f1b0000 - 0x00007ff74f1c0000 	C:\Program Files\Java\jdk-21\bin\javaw.exe
0x00007ffde8f50000 - 0x00007ffde9148000 	C:\WINDOWS\SYSTEM32\ntdll.dll
0x00007ffde7770000 - 0x00007ffde782d000 	C:\WINDOWS\System32\KERNEL32.DLL
0x00007ffde69a0000 - 0x00007ffde6c96000 	C:\WINDOWS\System32\KERNELBASE.dll
0x00007ffde6e90000 - 0x00007ffde6f90000 	C:\WINDOWS\System32\ucrtbase.dll
0x00007ffdde380000 - 0x00007ffdde399000 	C:\Program Files\Java\jdk-21\bin\jli.dll
0x00007ffdde360000 - 0x00007ffdde37b000 	C:\Program Files\Java\jdk-21\bin\VCRUNTIME140.dll
0x00007ffde7040000 - 0x00007ffde70f0000 	C:\WINDOWS\System32\ADVAPI32.dll
0x00007ffde7830000 - 0x00007ffde78ce000 	C:\WINDOWS\System32\msvcrt.dll
0x00007ffde8cd0000 - 0x00007ffde8d70000 	C:\WINDOWS\System32\sechost.dll
0x00007ffde8250000 - 0x00007ffde8373000 	C:\WINDOWS\System32\RPCRT4.dll
0x00007ffde6d40000 - 0x00007ffde6d67000 	C:\WINDOWS\System32\bcrypt.dll
0x00007ffde84d0000 - 0x00007ffde866f000 	C:\WINDOWS\System32\USER32.dll
0x00007ffde6710000 - 0x00007ffde6732000 	C:\WINDOWS\System32\win32u.dll
0x00007ffde8c30000 - 0x00007ffde8c5b000 	C:\WINDOWS\System32\GDI32.dll
0x00007ffdc84d0000 - 0x00007ffdc876a000 	C:\WINDOWS\WinSxS\amd64_microsoft.windows.common-controls_6595b64144ccf1df_6.0.19041.4355_none_60b8b9eb71f62e16\COMCTL32.dll
0x00007ffde6d70000 - 0x00007ffde6e87000 	C:\WINDOWS\System32\gdi32full.dll
0x00007ffde6ca0000 - 0x00007ffde6d3d000 	C:\WINDOWS\System32\msvcp_win.dll
0x00007ffde0f10000 - 0x00007ffde0f1a000 	C:\WINDOWS\SYSTEM32\VERSION.dll
0x00007ffde7ab0000 - 0x00007ffde7adf000 	C:\WINDOWS\System32\IMM32.DLL
0x00007ffde1900000 - 0x00007ffde190c000 	C:\Program Files\Java\jdk-21\bin\vcruntime140_1.dll
0x00007ffddc5b0000 - 0x00007ffddc63e000 	C:\Program Files\Java\jdk-21\bin\msvcp140.dll
0x00007ffdb4900000 - 0x00007ffdb5617000 	C:\Program Files\Java\jdk-21\bin\server\jvm.dll
0x00007ffde79e0000 - 0x00007ffde7a4b000 	C:\WINDOWS\System32\WS2_32.dll
0x00007ffde6460000 - 0x00007ffde64ab000 	C:\WINDOWS\SYSTEM32\POWRPROF.dll
0x00007ffdd3630000 - 0x00007ffdd3657000 	C:\WINDOWS\SYSTEM32\WINMM.dll
0x00007ffde6440000 - 0x00007ffde6452000 	C:\WINDOWS\SYSTEM32\UMPDC.dll
0x00007ffde43d0000 - 0x00007ffde43e2000 	C:\WINDOWS\SYSTEM32\kernel.appcore.dll
0x00007ffdde350000 - 0x00007ffdde35a000 	C:\Program Files\Java\jdk-21\bin\jimage.dll
0x00007ffdd4850000 - 0x00007ffdd4a34000 	C:\WINDOWS\SYSTEM32\DBGHELP.DLL
0x00007ffdd3970000 - 0x00007ffdd39a4000 	C:\WINDOWS\SYSTEM32\dbgcore.DLL
0x00007ffde6680000 - 0x00007ffde6702000 	C:\WINDOWS\System32\bcryptPrimitives.dll
0x00007ffddcad0000 - 0x00007ffddcb0c000 	C:\Program Files\Java\jdk-21\bin\jdwp.dll
0x00007ffdddf90000 - 0x00007ffdddf9f000 	C:\Program Files\Java\jdk-21\bin\instrument.dll
0x00007ffddcab0000 - 0x00007ffddcacf000 	C:\Program Files\Java\jdk-21\bin\java.dll
0x00007ffde7ae0000 - 0x00007ffde824c000 	C:\WINDOWS\System32\SHELL32.dll
0x00007ffde46b0000 - 0x00007ffde4e4d000 	C:\WINDOWS\SYSTEM32\windows.storage.dll
0x00007ffde88d0000 - 0x00007ffde8c23000 	C:\WINDOWS\System32\combase.dll
0x00007ffde5f60000 - 0x00007ffde5f8e000 	C:\WINDOWS\SYSTEM32\Wldp.dll
0x00007ffde7210000 - 0x00007ffde72dd000 	C:\WINDOWS\System32\OLEAUT32.dll
0x00007ffde8820000 - 0x00007ffde88cd000 	C:\WINDOWS\System32\SHCORE.dll
0x00007ffde8ea0000 - 0x00007ffde8ef5000 	C:\WINDOWS\System32\shlwapi.dll
0x00007ffde6540000 - 0x00007ffde6564000 	C:\WINDOWS\SYSTEM32\profapi.dll
0x00007ffdddf80000 - 0x00007ffdddf8c000 	C:\Program Files\Java\jdk-21\bin\dt_socket.dll
0x00007ffde59a0000 - 0x00007ffde59db000 	C:\WINDOWS\SYSTEM32\IPHLPAPI.DLL
0x00007ffde5cc0000 - 0x00007ffde5d2a000 	C:\WINDOWS\system32\mswsock.dll
0x00007ffde59e0000 - 0x00007ffde5aaa000 	C:\WINDOWS\SYSTEM32\DNSAPI.dll
0x00007ffde8f00000 - 0x00007ffde8f08000 	C:\WINDOWS\System32\NSI.dll
0x00007ffddb9c0000 - 0x00007ffddb9ca000 	C:\Windows\System32\rasadhlp.dll
0x00007ffdddb00000 - 0x00007ffdddb80000 	C:\WINDOWS\System32\fwpuclnt.dll
0x00007ffddca20000 - 0x00007ffddca38000 	C:\Program Files\Java\jdk-21\bin\zip.dll
0x00007ffddcf20000 - 0x00007ffddcf30000 	C:\Program Files\Java\jdk-21\bin\net.dll
0x00007ffde0980000 - 0x00007ffde0a8a000 	C:\WINDOWS\SYSTEM32\WINHTTP.dll
0x00007ffddc9d0000 - 0x00007ffddc9e6000 	C:\Program Files\Java\jdk-21\bin\nio.dll
0x00007ffddc9c0000 - 0x00007ffddc9ca000 	C:\Program Files\Java\jdk-21\bin\management.dll
0x00007ffddc7b0000 - 0x00007ffddc7bb000 	C:\Program Files\Java\jdk-21\bin\management_ext.dll
0x00007ffde8380000 - 0x00007ffde8388000 	C:\WINDOWS\System32\PSAPI.DLL
0x00007ffdcc050000 - 0x00007ffdcc067000 	C:\WINDOWS\system32\napinsp.dll
0x00007ffdcc030000 - 0x00007ffdcc04b000 	C:\WINDOWS\system32\pnrpnsp.dll
0x00007ffde2ba0000 - 0x00007ffde2bbd000 	C:\WINDOWS\system32\NLAapi.dll
0x00007ffdcc010000 - 0x00007ffdcc022000 	C:\WINDOWS\System32\winrnr.dll
0x00007ffdcbff0000 - 0x00007ffdcc005000 	C:\WINDOWS\system32\wshbth.dll
0x00007ffde5eb0000 - 0x00007ffde5ec8000 	C:\WINDOWS\SYSTEM32\CRYPTSP.dll
0x00007ffde55e0000 - 0x00007ffde5614000 	C:\WINDOWS\system32\rsaenh.dll
0x00007ffde64b0000 - 0x00007ffde64de000 	C:\WINDOWS\SYSTEM32\USERENV.dll
0x00007ffde5ed0000 - 0x00007ffde5edc000 	C:\WINDOWS\SYSTEM32\CRYPTBASE.dll
0x00007ffddc5a0000 - 0x00007ffddc5a9000 	C:\Program Files\Java\jdk-21\bin\extnet.dll
0x00007ffddc590000 - 0x00007ffddc5a0000 	C:\Program Files\Java\jdk-21\bin\verify.dll
0x00007ffddc580000 - 0x00007ffddc58e000 	C:\Program Files\Java\jdk-21\bin\sunmscapi.dll
0x00007ffde6840000 - 0x00007ffde699e000 	C:\WINDOWS\System32\CRYPT32.dll
0x00007ffde5fd0000 - 0x00007ffde5ff9000 	C:\WINDOWS\SYSTEM32\ncrypt.dll
0x00007ffde5f90000 - 0x00007ffde5fcb000 	C:\WINDOWS\SYSTEM32\NTASN1.dll
0x00007ffde3860000 - 0x00007ffde3867000 	C:\WINDOWS\system32\wshunix.dll

dbghelp: loaded successfully - version: 4.0.5 - missing functions: none
symbol engine: initialized successfully - sym options: 0x614 - pdb path: .;C:\Program Files\Java\jdk-21\bin;C:\WINDOWS\SYSTEM32;C:\WINDOWS\WinSxS\amd64_microsoft.windows.common-controls_6595b64144ccf1df_6.0.19041.4355_none_60b8b9eb71f62e16;C:\Program Files\Java\jdk-21\bin\server

VM Arguments:
jvm_args: -XX:+ShowCodeDetailsInExceptionMessages -agentlib:jdwp=transport=dt_socket,suspend=y,address=localhost:59242 -Dcom.sun.management.jmxremote -Dcom.sun.management.jmxremote.port=59241 -Dcom.sun.management.jmxremote.authenticate=false -Dcom.sun.management.jmxremote.ssl=false -Djava.rmi.server.hostname=localhost -Dspring.jmx.enabled=true -Dmanagement.endpoints.jmx.exposure.include=* -Dspring.application.admin.enabled=true -XX:TieredStopAtLevel=1 -Dspring.boot.project.name=SpringQuiz -javaagent:D:\½Å·ü¼·\5_spring\quiz\QUIZ_STS\configuration\org.eclipse.osgi\266\0\.cp\lib\javaagent-shaded.jar -Dfile.encoding=UTF-8 -Dstdout.encoding=UTF-8 -Dstderr.encoding=UTF-8 
java_command: com.quiz.SpringQuizApplication --spring.output.ansi.enabled=always --debug
java_class_path (initial): D:\½Å·ü¼·\5_spring\quiz\workspace\SpringQuiz\bin\main;C:\Users\user\.gradle\caches\modules-2\files-2.1\org.springframework.boot\spring-boot-configuration-processor\3.3.0\2a1542cac159dae637ca984bf95ddef0b0fb2627\spring-boot-configuration-processor-3.3.0.jar;C:\Users\user\.gradle\caches\modules-2\files-2.1\org.springframework.boot\spring-boot-starter-web\3.3.0\d8f587bc52e6c31dc4f161a49ce8f5e19f8853a9\spring-boot-starter-web-3.3.0.jar;C:\Users\user\.gradle\caches\modules-2\files-2.1\org.springframework.boot\spring-boot-starter-thymeleaf\3.2.5\293a7cb658eba8e0b25cec63609edbebbaa6c4a8\spring-boot-starter-thymeleaf-3.2.5.jar;C:\Users\user\.gradle\caches\modules-2\files-2.1\org.mybatis.spring.boot\mybatis-spring-boot-starter\3.0.3\19528356bf8bad2be5f8bf796dfc30bcc4996054\mybatis-spring-boot-starter-3.0.3.jar;C:\Users\user\.gradle\caches\modules-2\files-2.1\com.github.gavlyukovskiy\p6spy-spring-boot-starter\1.9.0\b51740224ed4f0cdca7ba93fe9167e7b97064f41\p6spy-spring-boot-starter-1.9.0.jar;C:\Users\user\.gradle\caches\modules-2\files-2.1\org.springframework.boot\spring-boot-starter-json\3.3.0\1c9938093b372602f121e2b073f490897388cc71\spring-boot-starter-json-3.3.0.jar;C:\Users\user\.gradle\caches\modules-2\files-2.1\org.springframework.boot\spring-boot-starter-jdbc\3.3.0\d2521191455fbf05c8d5bb49f39cb6d8fcb004b\spring-boot-starter-jdbc-3.3.0.jar;C:\Users\user\.gradle\caches\modules-2\files-2.1\org.springframework.boot\spring-boot-starter\3.3.0\1af929e0fcb10c2bfc3f3619f4ca9049bd927b\spring-boot-starter-3.3.0.jar;C:\Users\user\.gradle\caches\modules-2\files-2.1\org.springframework.boot\spring-boot-starter-tomcat\3.3.0\f9cdd6f3976d307e10cce065349e331d7162faf2\spring-boot-starter-tomcat-3.3.0.jar;C:\Users\user\.gradle\caches\modules-2\files-2.1\org.springframework\spring-webmvc\6.1.8\8496f8c010625bc0b857d19d2e93a9bdd691c1af\spring-webmvc-6.1.8.jar;C:\Users\user\.gradle\caches\modules-2\files-2.1\org.springframework\spring-web\6.1.8\1461405dc325c82a0a058df033bee3d8c6dd6e41\spring-web-6.1.8.jar;C:\Users\user\.gradle\caches\modules-2\files-2.1\org.thymeleaf\thymeleaf-spring6\3.1.2.RELEASE\6030c7b4e260c41336f378e53da6e8531263f24b\thymeleaf-spring6-3.1.2.RELEASE.jar;C:\Users\user\.gradle\caches\modules-2\files-2.1\org.mybatis.spring.boot\mybatis-spring-boot-autoconfigure\3.0.3\b73a2effa4f60a2eeca98aa12ea3437faede0f73\mybatis-spring-boot-autoconfigure-3.0.3.jar;C:\Users\user\.gradle\caches\modules-2\files-2.1\org.mybatis\mybatis\3.5.14\d94d2267d1caf1c31748123e671dcea5ad1a6f8\mybatis-3.5.14.jar;C:\Users\user\.gradle\caches\modules-2\files-2.1\org.mybatis\mybatis-spring\3.0.3\5a4ab31bfb62bca615b39ade93de2a607e9b9403\mybatis-spring-3.0.3.jar;C:\Users\user\.gradle\caches\modules-2\files-2.1\com.github.gavlyukovskiy\datasource-decorator-spring-boot-autoconfigure\1.9.0\831a15b04e176cd41c0539cda6194ac3e6b715ff\datasource-decorator-spring-boot-autoconfigure-1.9.0.jar;C:\Users\user\.gradle\caches\modules-2\files-2.1\p6spy\p6spy\3.9.0\7fedf78cc1e53a623a7b36d1f2705790836400aa\p6spy-3.9.0.jar;C:\Users\user\.gradle\caches\modules-2\files-2.1\org.springframework.boot\spring-boot-autoconfigure\3.3.0\1d98cfa94223e6a3a0e0ad301822cef90cc04fbc\spring-boot-autoconfigure-3.3.0.jar;C:\Users\user\.gradle\caches\modules-2\files-2.1\org.springframework.boot\spring-boot\3.3.0\83d42f81f312d71b9425f58d1d3f9e8970e51b22\spring-boot-3.3.0.jar;C:\Users\user\.gradle\caches\modules-2\files-2.1\org.springframework.boot\spring-boot-starter-logging\3.3.0\79a400c9d7ce3a7cecf296fda402e3100a099bce\spring-boot-starter-logging-3.3.0.jar;C:\Users\user\.gradle\caches\modules-2\files-2.1\jakarta.annotation\jakarta.annotation-api\2.1.1\48b9bda22b091b1f48b13af03fe36db3be6e1ae3\jakarta.annotation-api-2.1.1.jar;C:\Users\user\.gradle\caches\modules-2\files-2.1\org.springframework\spring-context\6.1.8\21219a0df58e5b96ef489a172b449232573352e8\spring-context-6.1.8.jar;C:\Users\user\.gradle\caches\modules-2\files-2.1\org.springframework\spring-aop\6.1.8\ef793a21e405a88d9d32b92cb459c845ee12b271\spring-aop-6.1.8.jar;C:\Users\user\.gradle\caches\modules-2\files-2.1\org.springframework\spring-jdbc\6.1.8\a744f02da5a64f2b497f143c461a5d5d675051e6\spring-jdbc-6.1.8.jar;C:\Users\user\.gradle\caches\modules-2\files-2.1\org.springframework\spring-tx\6.1.8\1f0249f1785d39f9e21694aaeb4b02916abda632\spring-tx-6.1.8.jar;C:\Users\user\.gradle\caches\modules-2\files-2.1\org.springframework\spring-beans\6.1.8\79a5e45383542ff514b5328fe277410cf4054f3b\spring-beans-6.1.8.jar;C:\Users\user\.gradle\caches\modules-2\files-2.1\org.springframework\spring-expression\6.1.8\dcf78ef442c24f32ff8c6a9746e7f5209b330111\spring-expression-6.1.8.jar;C:\Users\user\.gradle\caches\modules-2\files-2.1\org.springframework\spring-core\6.1.8\141fc11a5dbaa503fe361150312ad0fa9d9c03da\spring-core-6.1.8.jar;C:\Users\user\.gradle\caches\modules-2\files-2.1\org.yaml\snakeyaml\2.2\3af797a25458550a16bf89acc8e4ab2b7f2bfce0\snakeyaml-2.2.jar;C:\Users\user\.gradle\caches\modules-2\files-2.1\com.fasterxml.jackson.datatype\jackson-datatype-jsr310\2.17.1\969b0c3cb8c75d759e9a6c585c44c9b9f3a4f75\jackson-datatype-jsr310-2.17.1.jar;C:\Users\user\.gradle\caches\modules-2\files-2.1\com.fasterxml.jackson.module\jackson-module-parameter-names\2.17.1\74a998f6fbcedbddedf0a27e8ce72078b2e516a6\jackson-module-parameter-names-2.17.1.jar;C:\Users\user\.gradle\caches\modules-2\files-2.1\com.fasterxml.jackson.core\jackson-annotations\2.17.1\fca7ef6192c9ad05d07bc50da991bf937a84af3a\jackson-annotations-2.17.1.jar;C:\Users\user\.gradle\caches\modules-2\files-2.1\com.fasterxml.jackson.core\jackson-core\2.17.1\5e52a11644cd59a28ef79f02bddc2cc3bab45edb\jackson-core-2.17.1.jar;C:\Users\user\.gradle\caches\modules-2\files-2.1\com.fasterxml.jackson.datatype\jackson-datatype-jdk8\2.17.1\76b495194c36058904c82e288d285a1bd13f0ffa\jackson-datatype-jdk8-2.17.1.jar;C:\Users\user\.gradle\caches\modules-2\files-2.1\com.fasterxml.jackson.core\jackson-databind\2.17.1\524dcbcccdde7d45a679dfc333e4763feb09079\jackson-databind-2.17.1.jar;C:\Users\user\.gradle\caches\modules-2\files-2.1\org.apache.tomcat.embed\tomcat-embed-websocket\10.1.24\938419aba5a4f4645b9cd23a9e1d5453e85d09b9\tomcat-embed-websocket-10.1.24.jar;C:\Users\user\.gradle\caches\modules-2\files-2.1\org.apache.tomcat.embed\tomcat-embed-core\10.1.24\cd9358f0a26d26e1a2c7200f69cb9a302c20ceb4\tomcat-embed-core-10.1.24.jar;C:\Users\user\.gradle\caches\modules-2\files-2.1\org.apache.tomcat.embed\tomcat-embed-el\10.1.24\6e9c9dce63c10f903cb0aaaeff45f5f7092f5527\tomcat-embed-el-10.1.24.jar;C:\Users\user\.gradle\caches\modules-2\files-2.1\io.micrometer\micrometer-observation\1.13.0\5aa75fbb4367dc3b28e557d14535d21335dc8985\micrometer-observation-1.13.0.jar;C:\Users\user\.gradle\caches\modules-2\files-2.1\org.thymeleaf\thymeleaf\3.1.2.RELEASE\273997509a4c7aef86cee0521750140c587d9be2\thymeleaf-3.1.2.RELEASE.jar;C:\Users\user\.gradle\caches\modules-2\files-2.1\com.zaxxer\HikariCP\5.1.0\8c96e36c14461fc436bb02b264b96ef3ca5dca8c\HikariCP-5.1.0.jar;C:\Users\user\.gradle\caches\modules-2\files-2.1\ch.qos.logback\logback-classic\1.5.6\afc75d260d838a3bddfb8f207c2805ed7d1b34f9\logback-classic-1.5.6.jar;C:\Users\user\.gradle\caches\modules-2\files-2.1\org.apache.logging.log4j\log4j-to-slf4j\2.23.1\425ad1eb8a39904d2830e907a324e956fb456520\log4j-to-slf4j-2.23.1.jar;C:\Users\user\.gradle\caches\modules-2\files-2.1\org.slf4j\jul-to-slf4j\2.0.13\a3bcd9d9dd50c71ce69f06b1fd05e40fdeff6ba5\jul-to-slf4j-2.0.13.jar;C:\Users\user\.gradle\caches\modules-2\files-2.1\org.slf4j\slf4j-api\2.0.13\80229737f704b121a318bba5d5deacbcf395bc77\slf4j-api-2.0.13.jar;C:\Users\user\.gradle\caches\modules-2\files-2.1\org.springframework\spring-jcl\6.1.8\a545266a6efac9283353a922783a0a06f197ec0\spring-jcl-6.1.8.jar;C:\Users\user\.gradle\caches\modules-2\files-2.1\io.micrometer\micrometer-commons\1.13.0\156a59aff8d72c5e631eb4a2d739373ed5881609\micrometer-commons-1.13.0.jar;C:\Users\user\.gradle\caches\modules-2\files-2.1\org.attoparser\attoparser\2.0.7.RELEASE\e5d0e988d9124139d645bb5872b24dfa23e283cc\attoparser-2.0.7.RELEASE.jar;C:\Users\user\.gradle\caches\modules-2\files-2.1\org.unbescape\unbescape\1.1.6.RELEASE\7b90360afb2b860e09e8347112800d12c12b2a13\unbescape-1.1.6.RELEASE.jar;C:\Users\user\.gradle\caches\modules-2\files-2.1\ch.qos.logback\logback-core\1.5.6\41cbe874701200c5624c19e0ab50d1b88dfcc77d\logback-core-1.5.6.jar;C:\Users\user\.gradle\caches\modules-2\files-2.1\org.apache.logging.log4j\log4j-api\2.23.1\9c15c29c526d9c6783049c0a77722693c66706e1\log4j-api-2.23.1.jar;C:\Users\user\.gradle\caches\modules-2\files-2.1\org.springframework.boot\spring-boot-devtools\3.3.0\39c6e0d1648deda614d6876524a2778cbd3ddc3c\spring-boot-devtools-3.3.0.jar;C:\Users\user\.gradle\caches\modules-2\files-2.1\com.mysql\mysql-connector-j\8.3.0\1cc7fa5d61f4bbc113531a4ba6d85d41cf3d57e1\mysql-connector-j-8.3.0.jar
Launcher Type: SUN_STANDARD

[Global flags]
     intx CICompilerCount                          = 4                                         {product} {ergonomic}
     uint ConcGCThreads                            = 3                                         {product} {ergonomic}
     uint G1ConcRefinementThreads                  = 10                                        {product} {ergonomic}
   size_t G1HeapRegionSize                         = 1048576                                   {product} {ergonomic}
    uintx GCDrainStackTargetSize                   = 64                                        {product} {ergonomic}
   size_t InitialHeapSize                          = 132120576                                 {product} {ergonomic}
     bool ManagementServer                         = true                                      {product} {command line}
   size_t MarkStackSize                            = 4194304                                   {product} {ergonomic}
   size_t MaxHeapSize                              = 2113929216                                {product} {ergonomic}
   size_t MaxNewSize                               = 1267728384                                {product} {ergonomic}
   size_t MinHeapDeltaBytes                        = 1048576                                   {product} {ergonomic}
   size_t MinHeapSize                              = 8388608                                   {product} {ergonomic}
    uintx NonNMethodCodeHeapSize                   = 4096                                   {pd product} {ergonomic}
    uintx NonProfiledCodeHeapSize                  = 0                                      {pd product} {ergonomic}
     bool ProfileInterpreter                       = false                                  {pd product} {command line}
    uintx ProfiledCodeHeapSize                     = 0                                      {pd product} {ergonomic}
     bool ShowCodeDetailsInExceptionMessages       = true                                   {manageable} {command line}
   size_t SoftMaxHeapSize                          = 2113929216                             {manageable} {ergonomic}
     intx TieredStopAtLevel                        = 1                                         {product} {command line}
     bool UseCompressedOops                        = true                           {product lp64_product} {ergonomic}
     bool UseG1GC                                  = true                                      {product} {ergonomic}
     bool UseLargePagesIndividualAllocation        = false                                  {pd product} {ergonomic}

Logging:
Log output configuration:
 #0: stdout all=warning uptime,level,tags foldmultilines=false
 #1: stderr all=off uptime,level,tags foldmultilines=false

Environment Variables:
JAVA_HOME=C:\Program Files\Java\jdk-21
CLASSPATH=C:\Program Files\Java\jdk-21\lib
PATH=D:/½Å·ü¼·/5_spring/quiz/QUIZ_STS//plugins/org.eclipse.justj.openjdk.hotspot.jre.full.win32.x86_64_17.0.11.v20240426-1830/jre/bin/server;D:/½Å·ü¼·/5_spring/quiz/QUIZ_STS//plugins/org.eclipse.justj.openjdk.hotspot.jre.full.win32.x86_64_17.0.11.v20240426-1830/jre/bin;C:\Program Files\Common Files\Oracle\Java\javapath;C:\WINDOWS\system32;C:\WINDOWS;C:\WINDOWS\System32\Wbem;C:\WINDOWS\System32\WindowsPowerShell\v1.0\;C:\WINDOWS\System32\OpenSSH\;C:\Program Files\Bandizip\;C:\Program Files\Java\jdk-21\bin;C:\Program Files\MySQL\MySQL Shell 8.0\bin\;C:\Users\user\AppData\Local\Microsoft\WindowsApps;C:\Users\user\AppData\Local\Programs\Microsoft VS Code\bin;D:\½Å·ü¼·\5_spring\quiz\QUIZ_STS;
USERNAME=user
OS=Windows_NT
PROCESSOR_IDENTIFIER=Intel64 Family 6 Model 158 Stepping 10, GenuineIntel
TMP=C:\Users\user\AppData\Local\Temp
TEMP=C:\Users\user\AppData\Local\Temp




Periodic native trim disabled

---------------  S Y S T E M  ---------------

OS:
 Windows 10 , 64 bit Build 19041 (10.0.19041.3636)
OS uptime: 8 days 3:30 hours

CPU: total 12 (initial active 12) (6 cores per cpu, 2 threads per core) family 6 model 158 stepping 10 microcode 0xb4, cx8, cmov, fxsr, ht, mmx, 3dnowpref, sse, sse2, sse3, ssse3, sse4.1, sse4.2, popcnt, lzcnt, tsc, tscinvbit, avx, avx2, aes, erms, clmul, bmi1, bmi2, rtm, adx, fma, vzeroupper, clflush, clflushopt, rdtscp, f16c
Processor Information for all 12 processors :
  Max Mhz: 3192, Current Mhz: 3192, Mhz Limit: 3192

Memory: 4k page, system-wide physical 8062M (1766M free)
TotalPageFile size 9342M (AvailPageFile size 1436M)
current process WorkingSet (physical memory assigned to process): 175M, peak: 177M
current process commit charge ("private bytes"): 219M, peak: 250M

vm_info: Java HotSpot(TM) 64-Bit Server VM (21.0.2+13-LTS-58) for windows-amd64 JRE (21.0.2+13-LTS-58), built on 2024-01-05T18:32:24Z by "mach5one" with MS VC++ 17.1 (VS2022)

END.
