#
# A fatal error has been detected by the Java Runtime Environment:
#
#  EXCEPTION_ACCESS_VIOLATION (0xc0000005) at pc=0x000001e8b35e102c, pid=840, tid=5652
#
# JRE version: Java(TM) SE Runtime Environment (21.0.2+13) (build 21.0.2+13-LTS-58)
# Java VM: Java HotSpot(TM) 64-Bit Server VM (21.0.2+13-LTS-58, mixed mode, emulated-client, sharing, tiered, compressed oops, compressed class ptrs, g1 gc, windows-amd64)
# Problematic frame:
# v  ~BufferBlob::MethodHandles adapters 0x000001e8b35e102c
#
# No core dump will be written. Minidumps are not enabled by default on client versions of Windows
#
# If you would like to submit a bug report, please visit:
#   https://bugreport.java.com/bugreport/crash.jsp
#

---------------  S U M M A R Y ------------

Command Line: -XX:+ShowCodeDetailsInExceptionMessages -agentlib:jdwp=transport=dt_socket,suspend=y,address=localhost:52022 -Dcom.sun.management.jmxremote -Dcom.sun.management.jmxremote.port=52021 -Dcom.sun.management.jmxremote.authenticate=false -Dcom.sun.management.jmxremote.ssl=false -Djava.rmi.server.hostname=localhost -Dspring.jmx.enabled=true -Dmanagement.endpoints.jmx.exposure.include=* -Dspring.application.admin.enabled=true -XX:TieredStopAtLevel=1 -Dspring.boot.project.name=SpringQuiz -javaagent:D:\½Å·ü¼·\5_spring\quiz\QUIZ_STS\configuration\org.eclipse.osgi\266\0\.cp\lib\javaagent-shaded.jar -Dfile.encoding=UTF-8 -Dstdout.encoding=UTF-8 -Dstderr.encoding=UTF-8 com.quiz.SpringQuizApplication --spring.output.ansi.enabled=always --debug

Host: Intel(R) Core(TM) i7-8700 CPU @ 3.20GHz, 12 cores, 7G,  Windows 10 , 64 bit Build 19041 (10.0.19041.3636)
Time: Tue Jun 11 18:03:12 2024  Windows 10 , 64 bit Build 19041 (10.0.19041.3636) elapsed time: 9.888935 seconds (0d 0h 0m 9s)

---------------  T H R E A D  ---------------

Current thread (0x000001e8fdf2fef0):  JavaThread "restartedMain"        [_thread_in_Java, id=5652, stack(0x000000790ed00000,0x000000790ee00000) (1024K)]

Stack: [0x000000790ed00000,0x000000790ee00000],  sp=0x000000790edfdf08,  free space=1015k
Native frames: (J=compiled Java code, j=interpreted, Vv=VM code, C=native code)
C  0x000001e8b35e102c

The last pc belongs to _linkToSpecial (printed below).

siginfo: EXCEPTION_ACCESS_VIOLATION (0xc0000005), reading address 0xffffffffffffffff


Registers:
RAX=0x000001e8b35b9086, RBX=0x890f521000000000, RCX=0x000000790edfdf10, RDX=0x0000000000000002
RSP=0x000000790edfdf08, RBP=0x000000790edfdf58, RSI=0x000001e8fe721928, RDI=0x000001e8feab9200
R8 =0x0000000000000004, R9 =0x0000000000000004, R10=0x00007ffa6bd1c610, R11=0x000001e8bc0b6c70
R12=0x0000000000000000, R13=0x000000790edfdf08, R14=0x000000790edfdf78, R15=0x000001e8fdf2fef0
RIP=0x000001e8b35e102c, EFLAGS=0x0000000000010202


Register to memory mapping:

RAX=0x000001e8b35b9086 is at code_begin+3078 in an Interpreter codelet
return entry points  [0x000001e8b35b8480, 0x000001e8b35ba298]  7704 bytes
RBX=0x890f521000000000 is an unknown value
RCX=0x000000790edfdf10 is pointing into the stack for thread: 0x000001e8fdf2fef0
RDX=0x0000000000000002 is an unknown value
RSP=0x000000790edfdf08 is pointing into the stack for thread: 0x000001e8fdf2fef0
RBP=0x000000790edfdf58 is pointing into the stack for thread: 0x000001e8fdf2fef0
RSI=0x000001e8fe721928 points into unknown readable memory: 0x8000140099cbc33f | 3f c3 cb 99 00 14 00 80
RDI=0x000001e8feab9200 points into unknown readable memory: 0x0000001800000070 | 70 00 00 00 18 00 00 00
R8 =0x0000000000000004 is an unknown value
R9 =0x0000000000000004 is an unknown value
R10=0x00007ffa6bd1c610 jvm.dll
R11={method} {0x000001e8bc0b6c78} 'newInvokeSpecial' '(Ljava/lang/Object;)Ljava/lang/Object;' in 'java/lang/invoke/DirectMethodHandle$Holder'
R12=0x0 is null
R13=0x000000790edfdf08 is pointing into the stack for thread: 0x000001e8fdf2fef0
R14=0x000000790edfdf78 is pointing into the stack for thread: 0x000001e8fdf2fef0
R15=0x000001e8fdf2fef0 is a thread

Top of Stack: (sp=0x000000790edfdf08)
0x000000790edfdf08:   000001e8b35b9086 000000790edfdf10
0x000000790edfdf18:   000001e8bc72de87 0000000000000004
0x000000790edfdf28:   000001e8bc0b2128 00000000824765b8
0x000000790edfdf38:   000000008221ddf0 000001e8bc0b6c70
0x000000790edfdf48:   000000790edfdf08 000000790edfdf80
0x000000790edfdf58:   000000790edfe2f0 000001e8b39d1683
0x000000790edfdf68:   00000000890f5118 00000000890f51c0
0x000000790edfdf78:   00000000890f5178 00000000890f4f28
0x000000790edfdf88:   000000008220d658 000000790edfe2f0
0x000000790edfdf98:   000001e8b3eac7fc 00000000890f0e00
0x000000790edfdfa8:   0000000082500948 0000000082506930
0x000000790edfdfb8:   000000008220d4f0 000001e8fdb4ae90
0x000000790edfdfc8:   00007ffa6bb2cb80 000000790edfba30
0x000000790edfdfd8:   000001e8b3968a5c 00000000890f0e40
0x000000790edfdfe8:   000001e8bc68ba1c 000001e8fdf2fef0
0x000000790edfdff8:   000000008221b548 00000000824765b8
0x000000790edfe008:   00000000890f4df0 00000000890f4df0
0x000000790edfe018:   00000000890f4f28 00000000890f51a8
0x000000790edfe028:   00000000890f4f80 00000000824765b8
0x000000790edfe038:   0000000000000001 000000790edfe2f0
0x000000790edfe048:   000001e800000000 0000000000000000
0x000000790edfe058:   0000000000000000 00000000890f5178
0x000000790edfe068:   000001e8b39cdcdc 0000000000000000
0x000000790edfe078:   0000000000000000 0000000000000000
0x000000790edfe088:   0000000000000000 000001e8fdf2fef0
0x000000790edfe098:   0000000000000000 00000000890f4f28
0x000000790edfe0a8:   0000000000000000 00000000890f4df0
0x000000790edfe0b8:   00000000890f51a8 00000000890f4f28
0x000000790edfe0c8:   0000000000000000 00000000890f4e00
0x000000790edfe0d8:   000001e8b39d0bb4 000000790edfe2f0
0x000000790edfe0e8:   000001e8b39cc46a 0000000000000000
0x000000790edfe0f8:   000001e8b394ffa9 000001e8fdf2fef0 

Instructions: (pc=0x000001e8b35e102c)
0x000001e8b35e0f2c:   8b 59 14 8b 5b 28 8b 5b 24 48 8b 5b 10 48 85 db
0x000001e8b35e0f3c:   0f 84 10 00 00 00 41 80 bf e0 05 00 00 00 74 03
0x000001e8b35e0f4c:   ff 63 38 ff 63 50 e9 a9 16 00 00 66 0f 1f 84 00
0x000001e8b35e0f5c:   00 00 00 00 48 8b 53 08 0f b7 52 2e 48 8b 0c d4
0x000001e8b35e0f6c:   58 5b 50 44 8b 51 08 49 bb 00 00 00 bc e8 01 00
0x000001e8b35e0f7c:   00 4d 03 d3 4c 8b 5b 10 4b 8b 9c da c8 01 00 00
0x000001e8b35e0f8c:   48 85 db 0f 84 10 00 00 00 41 80 bf e0 05 00 00
0x000001e8b35e0f9c:   00 74 03 ff 63 38 ff 63 50 e9 56 16 00 00 66 66
0x000001e8b35e0fac:   66 0f 1f 84 00 00 00 00 00 66 66 66 90 0f 1f 80
0x000001e8b35e0fbc:   00 00 00 00 58 5b 50 8b 5b 24 48 8b 5b 10 48 85
0x000001e8b35e0fcc:   db 0f 84 10 00 00 00 41 80 bf e0 05 00 00 00 74
0x000001e8b35e0fdc:   03 ff 63 38 ff 63 50 e9 18 16 00 00 66 66 66 0f
0x000001e8b35e0fec:   1f 84 00 00 00 00 00 66 66 66 90 66 0f 1f 84 00
0x000001e8b35e0ffc:   00 00 00 00 48 8b 53 08 0f b7 52 2e 48 8b 0c d4
0x000001e8b35e100c:   58 5b 50 48 3b 01 8b 5b 24 48 8b 5b 10 48 85 db
0x000001e8b35e101c:   0f 84 10 00 00 00 41 80 bf e0 05 00 00 00 74 03
0x000001e8b35e102c:   ff 63 38 ff 63 50 e9 c9 15 00 00 66 0f 1f 84 00
0x000001e8b35e103c:   00 00 00 00 48 8b 53 08 0f b7 52 2e 48 8b 0c d4
0x000001e8b35e104c:   58 5b 50 44 8b 51 08 49 bb 00 00 00 bc e8 01 00
0x000001e8b35e105c:   00 4d 03 d3 8b 43 18 48 8b 40 10 48 8b 5b 10 45
0x000001e8b35e106c:   8b 9a a0 00 00 00 4f 8d 9c da c8 01 00 00 4d 8d
0x000001e8b35e107c:   14 da 49 8b 1b 48 3b c3 74 15 48 85 db 0f 84 32
0x000001e8b35e108c:   00 00 00 49 83 c3 10 49 8b 1b 48 3b c3 75 eb 45
0x000001e8b35e109c:   8b 5b 08 4b 8b 1c 1a 48 85 db 0f 84 10 00 00 00
0x000001e8b35e10ac:   41 80 bf e0 05 00 00 00 74 03 ff 63 38 ff 63 50
0x000001e8b35e10bc:   e9 3f 15 00 00 e9 3a 12 00 00 f4 00 00 00 00 00
0x000001e8b35e10cc:   00 00 00 00 00 00 00 00 00 00 00 00 00 00 00 00
0x000001e8b35e10dc:   00 00 00 00 00 00 00 00 00 00 00 00 00 00 00 00
0x000001e8b35e10ec:   00 00 00 00 00 00 00 00 00 00 00 00 00 00 00 00
0x000001e8b35e10fc:   00 00 00 00 00 00 00 00 00 00 00 00 00 00 00 00
0x000001e8b35e110c:   00 00 00 00 00 00 00 00 00 00 00 00 00 00 00 00
0x000001e8b35e111c:   00 00 00 00 00 00 00 00 00 00 00 00 00 00 00 00 


Stack slot to memory mapping:

stack at sp + 0 slots: 0x000001e8b35b9086 is at code_begin+3078 in an Interpreter codelet
return entry points  [0x000001e8b35b8480, 0x000001e8b35ba298]  7704 bytes
stack at sp + 1 slots: 0x000000790edfdf10 is pointing into the stack for thread: 0x000001e8fdf2fef0
stack at sp + 2 slots: 0x000001e8bc72de87 is pointing into metadata
stack at sp + 3 slots: 0x0000000000000004 is an unknown value
stack at sp + 4 slots: 0x000001e8bc0b2128 is pointing into metadata
stack at sp + 5 slots: 0x00000000824765b8 is an oop: java.lang.Class 
{0x00000000824765b8} - klass: 'java/lang/Class'
 - ---- fields (total size 14 words):
 - private volatile transient 'classRedefinedCount' 'I' @12  1 (0x00000001)
 - injected 'klass' 'J' @16  2099116508176 (0x000001e8bd180410)
 - injected 'array_klass' 'J' @24  0 (0x0000000000000000)
 - injected 'oop_size' 'I' @32  14 (0x0000000e)
 - injected 'static_oop_field_count' 'I' @36  0 (0x00000000)
 - private volatile transient 'cachedConstructor' 'Ljava/lang/reflect/Constructor;' @40  null (0x00000000)
 - private transient 'name' 'Ljava/lang/String;' @44  "com.quiz.lesson01.Lesson01Quiz02Controller"{0x0000000082476778} (0x82476778)
 - private transient 'module' 'Ljava/lang/Module;' @48  a 'java/lang/Module'{0x0000000082506930} (0x82506930)
 - private final 'classLoader' 'Ljava/lang/ClassLoader;' @52  a 'org/springframework/boot/devtools/restart/classloader/RestartClassLoader'{0x0000000082500948} (0x82500948)
 - private transient 'classData' 'Ljava/lang/Object;' @56  null (0x00000000)
 - private transient 'packageName' 'Ljava/lang/String;' @60  "com.quiz.lesson01"{0x00000000824767d0} (0x824767d0)
 - private final 'componentType' 'Ljava/lang/Class;' @64  null (0x00000000)
 - private volatile transient 'reflectionData' 'Ljava/lang/ref/SoftReference;' @68  a 'java/lang/ref/SoftReference'{0x00000000890eeaa8} (0x890eeaa8)
 - private volatile transient 'genericInfo' 'Lsun/reflect/generics/repository/ClassRepository;' @72  null (0x00000000)
 - private volatile transient 'enumConstants' '[Ljava/lang/Object;' @76  null (0x00000000)
 - private volatile transient 'enumConstantDirectory' 'Ljava/util/Map;' @80  null (0x00000000)
 - private volatile transient 'annotationData' 'Ljava/lang/Class$AnnotationData;' @84  null (0x00000000)
 - private volatile transient 'annotationType' 'Lsun/reflect/annotation/AnnotationType;' @88  null (0x00000000)
 - transient 'classValueMap' 'Ljava/lang/ClassValue$ClassValueMap;' @92  null (0x00000000)
 - injected 'protection_domain' 'Ljava/lang/Object;' @96  a 'java/security/ProtectionDomain'{0x000000008253f1c8} (0x8253f1c8)
 - injected 'signers_name' 'Ljava/lang/Object;' @100  null (0x00000000)
 - injected 'source_file' 'Ljava/lang/Object;' @104  null (0x00000000)
 - signature: Lcom/quiz/lesson01/Lesson01Quiz02Controller;
 - ---- static fields (0):
stack at sp + 6 slots: 0x000000008221ddf0 is an oop: java.lang.Class 
{0x000000008221ddf0} - klass: 'java/lang/Class'
 - ---- fields (total size 14 words):
 - private volatile transient 'classRedefinedCount' 'I' @12  0 (0x00000000)
 - injected 'klass' 'J' @16  2099098885368 (0x000001e8bc0b1cf8)
 - injected 'array_klass' 'J' @24  0 (0x0000000000000000)
 - injected 'oop_size' 'I' @32  14 (0x0000000e)
 - injected 'static_oop_field_count' 'I' @36  0 (0x00000000)
 - private volatile transient 'cachedConstructor' 'Ljava/lang/reflect/Constructor;' @40  null (0x00000000)
 - private transient 'name' 'Ljava/lang/String;' @44  null (0x00000000)
 - private transient 'module' 'Ljava/lang/Module;' @48  a 'java/lang/Module'{0x000000008220dad8} (0x8220dad8)
 - private final 'classLoader' 'Ljava/lang/ClassLoader;' @52  null (0x00000000)
 - private transient 'classData' 'Ljava/lang/Object;' @56  null (0x00000000)
 - private transient 'packageName' 'Ljava/lang/String;' @60  null (0x00000000)
 - private final 'componentType' 'Ljava/lang/Class;' @64  null (0x00000000)
 - private volatile transient 'reflectionData' 'Ljava/lang/ref/SoftReference;' @68  null (0x00000000)
 - private volatile transient 'genericInfo' 'Lsun/reflect/generics/repository/ClassRepository;' @72  null (0x00000000)
 - private volatile transient 'enumConstants' '[Ljava/lang/Object;' @76  null (0x00000000)
 - private volatile transient 'enumConstantDirectory' 'Ljava/util/Map;' @80  null (0x00000000)
 - private volatile transient 'annotationData' 'Ljava/lang/Class$AnnotationData;' @84  null (0x00000000)
 - private volatile transient 'annotationType' 'Lsun/reflect/annotation/AnnotationType;' @88  null (0x00000000)
 - transient 'classValueMap' 'Ljava/lang/ClassValue$ClassValueMap;' @92  null (0x00000000)
 - injected 'protection_domain' 'Ljava/lang/Object;' @96  null (0x00000000)
 - injected 'signers_name' 'Ljava/lang/Object;' @100  null (0x00000000)
 - injected 'source_file' 'Ljava/lang/Object;' @104  null (0x00000000)
 - signature: Ljava/lang/invoke/DirectMethodHandle$Holder;
 - ---- static fields (0):
stack at sp + 7 slots: {method} {0x000001e8bc0b6c78} 'newInvokeSpecial' '(Ljava/lang/Object;)Ljava/lang/Object;' in 'java/lang/invoke/DirectMethodHandle$Holder'

MethodHandle::interpreter_entry::_linkToSpecial [0x000001e8b35e0fe8, 0x000001e8b35e1037] (79 bytes)
[MachCode]
  0x000001e8b35e0fe8: 6666 660f | 1f84 0000 | 0000 0066 | 6666 9066 | 0f1f 8400 | 0000 0000 | 488b 5308 | 0fb7 522e 
  0x000001e8b35e1008: 488b 0cd4 | 585b 5048 | 3b01 8b5b | 2448 8b5b | 1048 85db | 0f84 1000 | 0000 4180 | bfe0 0500 
  0x000001e8b35e1028: 0000 7403 | ff63 38ff | 6350 e9c9 | 
[/MachCode]

---------------  P R O C E S S  ---------------

Threads class SMR info:
_java_thread_list=0x000001e8fec8c360, length=35, elements={
0x000001e8a8fd2cc0, 0x000001e8bbd32180, 0x000001e8bbd34bf0, 0x000001e8bbd37630,
0x000001e8bbd386a0, 0x000001e8bbd39cb0, 0x000001e8bbd3aeb0, 0x000001e8bbd407d0,
0x000001e8fd05dc00, 0x000001e8fd1452c0, 0x000001e8fd165340, 0x000001e8fd1661d0,
0x000001e8fd7fc7b0, 0x000001e8fd9fa920, 0x000001e8fda19890, 0x000001e8fda42120,
0x000001e8fda63920, 0x000001e8fdb08660, 0x000001e8fdb1ae50, 0x000001e8fdb490c0,
0x000001e8fdf31930, 0x000001e8fdf2fef0, 0x000001e8fdf31fc0, 0x000001e8fdf2f1d0,
0x000001e8fdf2eb40, 0x000001e8fdf312a0, 0x000001e8fdf2f860, 0x000001e8fdf30580,
0x000001e8fdf30c10, 0x000001e8feed7a90, 0x000001e8feed94d0, 0x000001e8feed87b0,
0x000001e8feedb5a0, 0x000001e8feed9b60, 0x000001e8feeda880
}

Java Threads: ( => current thread )
  0x000001e8a8fd2cc0 JavaThread "main"                              [_thread_blocked, id=20400, stack(0x000000790c500000,0x000000790c600000) (1024K)]
  0x000001e8bbd32180 JavaThread "Reference Handler"          daemon [_thread_blocked, id=12456, stack(0x000000790cd00000,0x000000790ce00000) (1024K)]
  0x000001e8bbd34bf0 JavaThread "Finalizer"                  daemon [_thread_blocked, id=19364, stack(0x000000790ce00000,0x000000790cf00000) (1024K)]
  0x000001e8bbd37630 JavaThread "Signal Dispatcher"          daemon [_thread_blocked, id=6696, stack(0x000000790cf00000,0x000000790d000000) (1024K)]
  0x000001e8bbd386a0 JavaThread "Attach Listener"            daemon [_thread_blocked, id=20376, stack(0x000000790d000000,0x000000790d100000) (1024K)]
  0x000001e8bbd39cb0 JavaThread "Service Thread"             daemon [_thread_blocked, id=2872, stack(0x000000790d100000,0x000000790d200000) (1024K)]
  0x000001e8bbd3aeb0 JavaThread "Monitor Deflation Thread"   daemon [_thread_blocked, id=11380, stack(0x000000790d200000,0x000000790d300000) (1024K)]
  0x000001e8bbd407d0 JavaThread "C1 CompilerThread0"         daemon [_thread_blocked, id=8464, stack(0x000000790d300000,0x000000790d400000) (1024K)]
  0x000001e8fd05dc00 JavaThread "Common-Cleaner"             daemon [_thread_blocked, id=13152, stack(0x000000790d400000,0x000000790d500000) (1024K)]
  0x000001e8fd1452c0 JavaThread "JDWP Transport Listener: dt_socket" daemon [_thread_blocked, id=5060, stack(0x000000790d800000,0x000000790d900000) (1024K)]
  0x000001e8fd165340 JavaThread "JDWP Event Helper Thread"   daemon [_thread_blocked, id=20028, stack(0x000000790d900000,0x000000790da00000) (1024K)]
  0x000001e8fd1661d0 JavaThread "JDWP Command Reader"        daemon [_thread_blocked, id=11868, stack(0x000000790da00000,0x000000790db00000) (1024K)]
  0x000001e8fd7fc7b0 JavaThread "Notification Thread"        daemon [_thread_blocked, id=11840, stack(0x000000790db00000,0x000000790dc00000) (1024K)]
  0x000001e8fd9fa920 JavaThread "RMI TCP Accept-0"           daemon [_thread_in_native, id=20372, stack(0x000000790dc00000,0x000000790dd00000) (1024K)]
  0x000001e8fda19890 JavaThread "RMI TCP Accept-52021"       daemon [_thread_in_native, id=7688, stack(0x000000790dd00000,0x000000790de00000) (1024K)]
  0x000001e8fda42120 JavaThread "RMI TCP Accept-0"           daemon [_thread_in_native, id=16808, stack(0x000000790de00000,0x000000790df00000) (1024K)]
  0x000001e8fda63920 JavaThread "RMI TCP Connection(1)-127.0.0.1" daemon [_thread_in_native, id=15600, stack(0x000000790df00000,0x000000790e000000) (1024K)]
  0x000001e8fdb08660 JavaThread "RMI Scheduler(0)"           daemon [_thread_blocked, id=13060, stack(0x000000790e900000,0x000000790ea00000) (1024K)]
  0x000001e8fdb1ae50 JavaThread "RMI TCP Connection(2)-127.0.0.1" daemon [_thread_blocked, id=6220, stack(0x000000790ea00000,0x000000790eb00000) (1024K)]
  0x000001e8fdb490c0 JavaThread "JMX server connection timeout 40" daemon [_thread_blocked, id=12560, stack(0x000000790eb00000,0x000000790ec00000) (1024K)]
  0x000001e8fdf31930 JavaThread "Thread-0"                          [_thread_blocked, id=20104, stack(0x000000790ec00000,0x000000790ed00000) (1024K)]
=>0x000001e8fdf2fef0 JavaThread "restartedMain"                     [_thread_in_Java, id=5652, stack(0x000000790ed00000,0x000000790ee00000) (1024K)]
  0x000001e8fdf31fc0 JavaThread "Catalina-utility-1"                [_thread_blocked, id=20180, stack(0x000000790ee00000,0x000000790ef00000) (1024K)]
  0x000001e8fdf2f1d0 JavaThread "Catalina-utility-2"                [_thread_blocked, id=10544, stack(0x000000790f100000,0x000000790f200000) (1024K)]
  0x000001e8fdf2eb40 JavaThread "http-nio-8080-exec-1"       daemon [_thread_blocked, id=14136, stack(0x000000790f200000,0x000000790f300000) (1024K)]
  0x000001e8fdf312a0 JavaThread "http-nio-8080-exec-2"       daemon [_thread_blocked, id=16580, stack(0x000000790f300000,0x000000790f400000) (1024K)]
  0x000001e8fdf2f860 JavaThread "http-nio-8080-exec-3"       daemon [_thread_blocked, id=5016, stack(0x000000790f400000,0x000000790f500000) (1024K)]
  0x000001e8fdf30580 JavaThread "http-nio-8080-exec-4"       daemon [_thread_blocked, id=15304, stack(0x000000790f500000,0x000000790f600000) (1024K)]
  0x000001e8fdf30c10 JavaThread "http-nio-8080-exec-5"       daemon [_thread_blocked, id=7044, stack(0x000000790f600000,0x000000790f700000) (1024K)]
  0x000001e8feed7a90 JavaThread "http-nio-8080-exec-6"       daemon [_thread_blocked, id=16264, stack(0x000000790f700000,0x000000790f800000) (1024K)]
  0x000001e8feed94d0 JavaThread "http-nio-8080-exec-7"       daemon [_thread_blocked, id=19632, stack(0x000000790f800000,0x000000790f900000) (1024K)]
  0x000001e8feed87b0 JavaThread "http-nio-8080-exec-8"       daemon [_thread_blocked, id=1232, stack(0x000000790f900000,0x000000790fa00000) (1024K)]
  0x000001e8feedb5a0 JavaThread "http-nio-8080-exec-9"       daemon [_thread_blocked, id=8424, stack(0x000000790fa00000,0x000000790fb00000) (1024K)]
  0x000001e8feed9b60 JavaThread "http-nio-8080-exec-10"      daemon [_thread_blocked, id=6524, stack(0x000000790fb00000,0x000000790fc00000) (1024K)]
  0x000001e8feeda880 JavaThread "container-0"                       [_thread_blocked, id=7976, stack(0x000000790fc00000,0x000000790fd00000) (1024K)]
Total: 35

Other Threads:
  0x000001e8bbd0fd00 VMThread "VM Thread"                           [id=5128, stack(0x000000790cc00000,0x000000790cd00000) (1024K)] _threads_hazard_ptr=0x000001e8fec8c360
  0x000001e8bbcfa960 WatcherThread "VM Periodic Task Thread"        [id=17372, stack(0x000000790cb00000,0x000000790cc00000) (1024K)]
  0x000001e8ab1ac570 WorkerThread "GC Thread#0"                     [id=16136, stack(0x000000790c600000,0x000000790c700000) (1024K)]
  0x000001e8fda9f320 WorkerThread "GC Thread#1"                     [id=6052, stack(0x000000790e000000,0x000000790e100000) (1024K)]
  0x000001e8fda9f6c0 WorkerThread "GC Thread#2"                     [id=11400, stack(0x000000790e100000,0x000000790e200000) (1024K)]
  0x000001e8fdae46b0 WorkerThread "GC Thread#3"                     [id=20464, stack(0x000000790e200000,0x000000790e300000) (1024K)]
  0x000001e8fdae4a50 WorkerThread "GC Thread#4"                     [id=19728, stack(0x000000790e300000,0x000000790e400000) (1024K)]
  0x000001e8fdae5610 WorkerThread "GC Thread#5"                     [id=12896, stack(0x000000790e400000,0x000000790e500000) (1024K)]
  0x000001e8fdae5dc0 WorkerThread "GC Thread#6"                     [id=736, stack(0x000000790e500000,0x000000790e600000) (1024K)]
  0x000001e8fdae6160 WorkerThread "GC Thread#7"                     [id=14320, stack(0x000000790e600000,0x000000790e700000) (1024K)]
  0x000001e8fdae8d30 WorkerThread "GC Thread#8"                     [id=7448, stack(0x000000790e700000,0x000000790e800000) (1024K)]
  0x000001e8fdaeea90 WorkerThread "GC Thread#9"                     [id=11368, stack(0x000000790e800000,0x000000790e900000) (1024K)]
  0x000001e8ab1bdf10 ConcurrentGCThread "G1 Main Marker"            [id=12772, stack(0x000000790c700000,0x000000790c800000) (1024K)]
  0x000001e8ab1bf110 WorkerThread "G1 Conc#0"                       [id=18072, stack(0x000000790c800000,0x000000790c900000) (1024K)]
  0x000001e8fdaedc10 WorkerThread "G1 Conc#1"                       [id=9552, stack(0x000000790ef00000,0x000000790f000000) (1024K)]
  0x000001e8fdaed870 WorkerThread "G1 Conc#2"                       [id=10652, stack(0x000000790f000000,0x000000790f100000) (1024K)]
  0x000001e8ab20e960 ConcurrentGCThread "G1 Refine#0"               [id=9128, stack(0x000000790c900000,0x000000790ca00000) (1024K)]
  0x000001e8bbbca910 ConcurrentGCThread "G1 Service"                [id=4744, stack(0x000000790ca00000,0x000000790cb00000) (1024K)]
Total: 18

Threads with active compile tasks:
Total: 0

VM state: synchronizing (normal execution)

VM Mutex/Monitor currently owned by a thread:  ([mutex/lock_event])
[0x00007ffa6bd0cd68] Threads_lock - owner thread: 0x000001e8bbd0fd00

Heap address: 0x0000000082000000, size: 2016 MB, Compressed Oops mode: 32-bit

CDS archive(s) mapped at: [0x000001e8bc000000-0x000001e8bcc90000-0x000001e8bcc90000), size 13172736, SharedBaseAddress: 0x000001e8bc000000, ArchiveRelocationMode: 1.
Compressed class space mapped at: 0x000001e8bd000000-0x000001e8fd000000, reserved size: 1073741824
Narrow klass base: 0x000001e8bc000000, Narrow klass shift: 0, Narrow klass range: 0x100000000

GC Precious Log:
 CardTable entry size: 512
 Card Set container configuration: InlinePtr #cards 5 size 8 Array Of Cards #cards 12 size 40 Howl #buckets 4 coarsen threshold 1843 Howl Bitmap #cards 512 size 80 coarsen threshold 460 Card regions per heap region 1 cards per card region 2048
 CPUs: 12 total, 12 available
 Memory: 8062M
 Large Page Support: Disabled
 NUMA Support: Disabled
 Compressed Oops: Enabled (32-bit)
 Heap Region Size: 1M
 Heap Min Capacity: 8M
 Heap Initial Capacity: 126M
 Heap Max Capacity: 2016M
 Pre-touch: Disabled
 Parallel Workers: 10
 Concurrent Workers: 3
 Concurrent Refinement Workers: 10
 Periodic GC: Disabled

Heap:
 garbage-first heap   total 49152K, used 19596K [0x0000000082000000, 0x0000000100000000)
  region size 1024K, 10 young (10240K), 4 survivors (4096K)
 Metaspace       used 28261K, committed 28864K, reserved 1114112K
  class space    used 3704K, committed 3968K, reserved 1048576K

Heap Regions: E=young(eden), S=young(survivor), O=old, HS=humongous(starts), HC=humongous(continues), CS=collection set, F=free, TAMS=top-at-mark-start, PB=parsable bottom
|   0|0x0000000082000000, 0x0000000082100000, 0x0000000082100000|100%| O|  |TAMS 0x0000000082000000| PB 0x0000000082000000| Untracked 
|   1|0x0000000082100000, 0x0000000082200000, 0x0000000082200000|100%| O|  |TAMS 0x0000000082100000| PB 0x0000000082100000| Untracked 
|   2|0x0000000082200000, 0x0000000082300000, 0x0000000082300000|100%| O|  |TAMS 0x0000000082200000| PB 0x0000000082200000| Untracked 
|   3|0x0000000082300000, 0x0000000082400000, 0x0000000082400000|100%| O|  |TAMS 0x0000000082300000| PB 0x0000000082300000| Untracked 
|   4|0x0000000082400000, 0x0000000082500000, 0x0000000082500000|100%| O|  |TAMS 0x0000000082400000| PB 0x0000000082400000| Untracked 
|   5|0x0000000082500000, 0x0000000082600000, 0x0000000082600000|100%| O|  |TAMS 0x0000000082500000| PB 0x0000000082500000| Untracked 
|   6|0x0000000082600000, 0x0000000082700000, 0x0000000082700000|100%| O|  |TAMS 0x0000000082600000| PB 0x0000000082600000| Untracked 
|   7|0x0000000082700000, 0x0000000082800000, 0x0000000082800000|100%| O|  |TAMS 0x0000000082700000| PB 0x0000000082700000| Untracked 
|   8|0x0000000082800000, 0x0000000082900000, 0x0000000082900000|100%| O|  |TAMS 0x0000000082800000| PB 0x0000000082800000| Untracked 
|   9|0x0000000082900000, 0x0000000082a00000, 0x0000000082a00000|100%| O|  |TAMS 0x0000000082900000| PB 0x0000000082900000| Untracked 
|  10|0x0000000082a00000, 0x0000000082abe160, 0x0000000082b00000| 74%| O|  |TAMS 0x0000000082a00000| PB 0x0000000082a00000| Untracked 
|  11|0x0000000082b00000, 0x0000000082b00000, 0x0000000082c00000|  0%| F|  |TAMS 0x0000000082b00000| PB 0x0000000082b00000| Untracked 
|  12|0x0000000082c00000, 0x0000000082c00000, 0x0000000082d00000|  0%| F|  |TAMS 0x0000000082c00000| PB 0x0000000082c00000| Untracked 
|  13|0x0000000082d00000, 0x0000000082d00000, 0x0000000082e00000|  0%| F|  |TAMS 0x0000000082d00000| PB 0x0000000082d00000| Untracked 
|  14|0x0000000082e00000, 0x0000000082e00000, 0x0000000082f00000|  0%| F|  |TAMS 0x0000000082e00000| PB 0x0000000082e00000| Untracked 
|  15|0x0000000082f00000, 0x0000000082f00000, 0x0000000083000000|  0%| F|  |TAMS 0x0000000082f00000| PB 0x0000000082f00000| Untracked 
|  16|0x0000000083000000, 0x0000000083065200, 0x0000000083100000| 39%| S|CS|TAMS 0x0000000083000000| PB 0x0000000083000000| Complete 
|  17|0x0000000083100000, 0x0000000083200000, 0x0000000083200000|100%| S|CS|TAMS 0x0000000083100000| PB 0x0000000083100000| Complete 
|  18|0x0000000083200000, 0x0000000083300000, 0x0000000083300000|100%| S|CS|TAMS 0x0000000083200000| PB 0x0000000083200000| Complete 
|  19|0x0000000083300000, 0x0000000083300000, 0x0000000083400000|  0%| F|  |TAMS 0x0000000083300000| PB 0x0000000083300000| Untracked 
|  20|0x0000000083400000, 0x0000000083400000, 0x0000000083500000|  0%| F|  |TAMS 0x0000000083400000| PB 0x0000000083400000| Untracked 
|  21|0x0000000083500000, 0x0000000083500000, 0x0000000083600000|  0%| F|  |TAMS 0x0000000083500000| PB 0x0000000083500000| Untracked 
|  22|0x0000000083600000, 0x0000000083600000, 0x0000000083700000|  0%| F|  |TAMS 0x0000000083600000| PB 0x0000000083600000| Untracked 
|  23|0x0000000083700000, 0x0000000083800000, 0x0000000083800000|100%| S|CS|TAMS 0x0000000083700000| PB 0x0000000083700000| Complete 
|  24|0x0000000083800000, 0x0000000083800000, 0x0000000083900000|  0%| F|  |TAMS 0x0000000083800000| PB 0x0000000083800000| Untracked 
|  25|0x0000000083900000, 0x0000000083900000, 0x0000000083a00000|  0%| F|  |TAMS 0x0000000083900000| PB 0x0000000083900000| Untracked 
|  26|0x0000000083a00000, 0x0000000083a00000, 0x0000000083b00000|  0%| F|  |TAMS 0x0000000083a00000| PB 0x0000000083a00000| Untracked 
|  27|0x0000000083b00000, 0x0000000083b00000, 0x0000000083c00000|  0%| F|  |TAMS 0x0000000083b00000| PB 0x0000000083b00000| Untracked 
|  28|0x0000000083c00000, 0x0000000083c00000, 0x0000000083d00000|  0%| F|  |TAMS 0x0000000083c00000| PB 0x0000000083c00000| Untracked 
|  29|0x0000000083d00000, 0x0000000083d00000, 0x0000000083e00000|  0%| F|  |TAMS 0x0000000083d00000| PB 0x0000000083d00000| Untracked 
|  30|0x0000000083e00000, 0x0000000083e00000, 0x0000000083f00000|  0%| F|  |TAMS 0x0000000083e00000| PB 0x0000000083e00000| Untracked 
|  31|0x0000000083f00000, 0x0000000083f00000, 0x0000000084000000|  0%| F|  |TAMS 0x0000000083f00000| PB 0x0000000083f00000| Untracked 
|  32|0x0000000084000000, 0x0000000084000000, 0x0000000084100000|  0%| F|  |TAMS 0x0000000084000000| PB 0x0000000084000000| Untracked 
|  33|0x0000000084100000, 0x0000000084100000, 0x0000000084200000|  0%| F|  |TAMS 0x0000000084100000| PB 0x0000000084100000| Untracked 
|  34|0x0000000084200000, 0x0000000084200000, 0x0000000084300000|  0%| F|  |TAMS 0x0000000084200000| PB 0x0000000084200000| Untracked 
|  35|0x0000000084300000, 0x0000000084300000, 0x0000000084400000|  0%| F|  |TAMS 0x0000000084300000| PB 0x0000000084300000| Untracked 
|  36|0x0000000084400000, 0x0000000084400000, 0x0000000084500000|  0%| F|  |TAMS 0x0000000084400000| PB 0x0000000084400000| Untracked 
|  37|0x0000000084500000, 0x0000000084500000, 0x0000000084600000|  0%| F|  |TAMS 0x0000000084500000| PB 0x0000000084500000| Untracked 
|  38|0x0000000084600000, 0x0000000084600000, 0x0000000084700000|  0%| F|  |TAMS 0x0000000084600000| PB 0x0000000084600000| Untracked 
|  39|0x0000000084700000, 0x0000000084700000, 0x0000000084800000|  0%| F|  |TAMS 0x0000000084700000| PB 0x0000000084700000| Untracked 
|  40|0x0000000084800000, 0x0000000084800000, 0x0000000084900000|  0%| F|  |TAMS 0x0000000084800000| PB 0x0000000084800000| Untracked 
| 110|0x0000000088e00000, 0x0000000088e00000, 0x0000000088f00000|  0%| F|  |TAMS 0x0000000088e00000| PB 0x0000000088e00000| Untracked 
| 111|0x0000000088f00000, 0x0000000088f784c8, 0x0000000089000000| 46%| E|  |TAMS 0x0000000088f00000| PB 0x0000000088f00000| Complete 
| 112|0x0000000089000000, 0x0000000089100000, 0x0000000089100000|100%| E|CS|TAMS 0x0000000089000000| PB 0x0000000089000000| Complete 
| 113|0x0000000089100000, 0x0000000089200000, 0x0000000089200000|100%| E|CS|TAMS 0x0000000089100000| PB 0x0000000089100000| Complete 
| 123|0x0000000089b00000, 0x0000000089c00000, 0x0000000089c00000|100%| E|CS|TAMS 0x0000000089b00000| PB 0x0000000089b00000| Complete 
| 124|0x0000000089c00000, 0x0000000089d00000, 0x0000000089d00000|100%| E|CS|TAMS 0x0000000089c00000| PB 0x0000000089c00000| Complete 
| 125|0x0000000089d00000, 0x0000000089e00000, 0x0000000089e00000|100%| E|CS|TAMS 0x0000000089d00000| PB 0x0000000089d00000| Complete 

Card table byte_map: [0x000001e8b6cd0000,0x000001e8b70c0000] _byte_map_base: 0x000001e8b68c0000

Marking Bits: (CMBitMap*) 0x000001e8ab1ada30
 Bits: [0x000001e8b70c0000, 0x000001e8b9040000)

Polling page: 0x000001e8a90c0000

Metaspace:

Usage:
  Non-class:     23.98 MB used.
      Class:      3.62 MB used.
       Both:     27.60 MB used.

Virtual space:
  Non-class space:       64.00 MB reserved,      24.31 MB ( 38%) committed,  1 nodes.
      Class space:        1.00 GB reserved,       3.88 MB ( <1%) committed,  1 nodes.
             Both:        1.06 GB reserved,      28.19 MB (  3%) committed. 

Chunk freelists:
   Non-Class:  7.16 MB
       Class:  12.16 MB
        Both:  19.32 MB

MaxMetaspaceSize: unlimited
CompressedClassSpaceSize: 1.00 GB
Initial GC threshold: 21.00 MB
Current GC threshold: 31.50 MB
CDS: on
 - commit_granule_bytes: 65536.
 - commit_granule_words: 8192.
 - virtual_space_node_default_size: 8388608.
 - enlarge_chunks_in_place: 1.
 - use_allocation_guard: 0.


Internal statistics:

num_allocs_failed_limit: 0.
num_arena_births: 702.
num_arena_deaths: 0.
num_vsnodes_births: 2.
num_vsnodes_deaths: 0.
num_space_committed: 451.
num_space_uncommitted: 0.
num_chunks_returned_to_freelist: 0.
num_chunks_taken_from_freelist: 1636.
num_chunk_merges: 0.
num_chunk_splits: 1094.
num_chunks_enlarged: 734.
num_inconsistent_stats: 0.

CodeCache: size=49152Kb used=7863Kb max_used=9475Kb free=41288Kb
 bounds [0x000001e8b35b0000, 0x000001e8b3f00000, 0x000001e8b65b0000]
 total_blobs=4453 nmethods=3903 adapters=474
 compilation: enabled
              stopped_count=0, restarted_count=0
 full_count=0

Compilation events (20 events):
Event: 7.330 Thread 0x000001e8bbd407d0 3894       1       jdk.internal.misc.Unsafe::checkOffset (32 bytes)
Event: 7.330 Thread 0x000001e8bbd407d0 nmethod 3894 0x000001e8b3808210 code [0x000001e8b38083c0, 0x000001e8b3808540]
Event: 7.849 Thread 0x000001e8bbd407d0 3895       1       jdk.internal.misc.Unsafe::copyMemory (33 bytes)
Event: 7.851 Thread 0x000001e8bbd407d0 nmethod 3895 0x000001e8b3807290 code [0x000001e8b38074e0, 0x000001e8b3807a18]
Event: 7.851 Thread 0x000001e8bbd407d0 3896       1       jdk.internal.misc.Unsafe::copyMemoryChecks (21 bytes)
Event: 7.853 Thread 0x000001e8bbd407d0 nmethod 3896 0x000001e8b3806710 code [0x000001e8b3806940, 0x000001e8b3806e48]
Event: 8.404 Thread 0x000001e8bbd407d0 3898       1       java.io.ObjectInputStream$BlockDataInputStream::readByte (20 bytes)
Event: 8.404 Thread 0x000001e8bbd407d0 nmethod 3898 0x000001e8b3806290 code [0x000001e8b3806440, 0x000001e8b38065f8]
Event: 8.404 Thread 0x000001e8bbd407d0 3899       1       java.io.ObjectInputStream$BlockDataInputStream::read (62 bytes)
Event: 8.405 Thread 0x000001e8bbd407d0 nmethod 3899 0x000001e8b3805d90 code [0x000001e8b3805f60, 0x000001e8b3806140]
Event: 8.405 Thread 0x000001e8bbd407d0 3902       1       java.io.ObjectStreamClass$FieldReflector::getObjFieldValues (96 bytes)
Event: 8.406 Thread 0x000001e8bbd407d0 nmethod 3902 0x000001e8b3805490 code [0x000001e8b3805680, 0x000001e8b3805ad8]
Event: 8.406 Thread 0x000001e8bbd407d0 3903   !   1       java.io.ObjectOutputStream::writeSerialData (223 bytes)
Event: 8.409 Thread 0x000001e8bbd407d0 nmethod 3903 0x000001e8b3804290 code [0x000001e8b38044e0, 0x000001e8b3804ea8]
Event: 8.409 Thread 0x000001e8bbd407d0 3900       1       java.io.ObjectInputStream$PeekInputStream::read (47 bytes)
Event: 8.409 Thread 0x000001e8bbd407d0 nmethod 3900 0x000001e8b3803f10 code [0x000001e8b38040c0, 0x000001e8b3804220]
Event: 8.409 Thread 0x000001e8bbd407d0 3901       1       java.util.concurrent.locks.ReentrantReadWriteLock::readLock (5 bytes)
Event: 8.410 Thread 0x000001e8bbd407d0 nmethod 3901 0x000001e8b3803c10 code [0x000001e8b3803da0, 0x000001e8b3803e68]
Event: 8.911 Thread 0x000001e8bbd407d0 3904       1       java.nio.MappedByteBuffer::limit (8 bytes)
Event: 8.911 Thread 0x000001e8bbd407d0 nmethod 3904 0x000001e8b3803890 code [0x000001e8b3803a40, 0x000001e8b3803b48]

GC Heap History (18 events):
Event: 0.497 GC heap before
{Heap before GC invocations=0 (full 0):
 garbage-first heap   total 129024K, used 22528K [0x0000000082000000, 0x0000000100000000)
  region size 1024K, 23 young (23552K), 0 survivors (0K)
 Metaspace       used 7108K, committed 7296K, reserved 1114112K
  class space    used 805K, committed 896K, reserved 1048576K
}
Event: 0.501 GC heap after
{Heap after GC invocations=1 (full 0):
 garbage-first heap   total 129024K, used 4981K [0x0000000082000000, 0x0000000100000000)
  region size 1024K, 3 young (3072K), 3 survivors (3072K)
 Metaspace       used 7108K, committed 7296K, reserved 1114112K
  class space    used 805K, committed 896K, reserved 1048576K
}
Event: 0.707 GC heap before
{Heap before GC invocations=1 (full 0):
 garbage-first heap   total 129024K, used 34677K [0x0000000082000000, 0x0000000100000000)
  region size 1024K, 33 young (33792K), 3 survivors (3072K)
 Metaspace       used 10779K, committed 11072K, reserved 1114112K
  class space    used 1298K, committed 1408K, reserved 1048576K
}
Event: 0.710 GC heap after
{Heap after GC invocations=2 (full 0):
 garbage-first heap   total 129024K, used 6585K [0x0000000082000000, 0x0000000100000000)
  region size 1024K, 2 young (2048K), 2 survivors (2048K)
 Metaspace       used 10779K, committed 11072K, reserved 1114112K
  class space    used 1298K, committed 1408K, reserved 1048576K
}
Event: 0.998 GC heap before
{Heap before GC invocations=2 (full 0):
 garbage-first heap   total 129024K, used 80313K [0x0000000082000000, 0x0000000100000000)
  region size 1024K, 75 young (76800K), 2 survivors (2048K)
 Metaspace       used 17669K, committed 18048K, reserved 1114112K
  class space    used 2220K, committed 2368K, reserved 1048576K
}
Event: 1.000 GC heap after
{Heap after GC invocations=3 (full 0):
 garbage-first heap   total 129024K, used 8974K [0x0000000082000000, 0x0000000100000000)
  region size 1024K, 4 young (4096K), 4 survivors (4096K)
 Metaspace       used 17669K, committed 18048K, reserved 1114112K
  class space    used 2220K, committed 2368K, reserved 1048576K
}
Event: 1.026 GC heap before
{Heap before GC invocations=3 (full 0):
 garbage-first heap   total 129024K, used 20238K [0x0000000082000000, 0x0000000100000000)
  region size 1024K, 16 young (16384K), 4 survivors (4096K)
 Metaspace       used 18797K, committed 19200K, reserved 1114112K
  class space    used 2377K, committed 2560K, reserved 1048576K
}
Event: 1.028 GC heap after
{Heap after GC invocations=4 (full 0):
 garbage-first heap   total 129024K, used 9144K [0x0000000082000000, 0x0000000100000000)
  region size 1024K, 4 young (4096K), 4 survivors (4096K)
 Metaspace       used 18797K, committed 19200K, reserved 1114112K
  class space    used 2377K, committed 2560K, reserved 1048576K
}
Event: 1.099 GC heap before
{Heap before GC invocations=5 (full 0):
 garbage-first heap   total 40960K, used 33720K [0x0000000082000000, 0x0000000100000000)
  region size 1024K, 28 young (28672K), 4 survivors (4096K)
 Metaspace       used 20599K, committed 20992K, reserved 1114112K
  class space    used 2631K, committed 2816K, reserved 1048576K
}
Event: 1.102 GC heap after
{Heap after GC invocations=6 (full 0):
 garbage-first heap   total 40960K, used 10091K [0x0000000082000000, 0x0000000100000000)
  region size 1024K, 2 young (2048K), 2 survivors (2048K)
 Metaspace       used 20599K, committed 20992K, reserved 1114112K
  class space    used 2631K, committed 2816K, reserved 1048576K
}
Event: 1.236 GC heap before
{Heap before GC invocations=6 (full 0):
 garbage-first heap   total 40960K, used 32619K [0x0000000082000000, 0x0000000100000000)
  region size 1024K, 24 young (24576K), 2 survivors (2048K)
 Metaspace       used 21786K, committed 22208K, reserved 1114112K
  class space    used 2818K, committed 3008K, reserved 1048576K
}
Event: 1.238 GC heap after
{Heap after GC invocations=7 (full 0):
 garbage-first heap   total 40960K, used 11196K [0x0000000082000000, 0x0000000100000000)
  region size 1024K, 3 young (3072K), 3 survivors (3072K)
 Metaspace       used 21786K, committed 22208K, reserved 1114112K
  class space    used 2818K, committed 3008K, reserved 1048576K
}
Event: 1.354 GC heap before
{Heap before GC invocations=7 (full 0):
 garbage-first heap   total 40960K, used 32700K [0x0000000082000000, 0x0000000100000000)
  region size 1024K, 24 young (24576K), 3 survivors (3072K)
 Metaspace       used 23133K, committed 23552K, reserved 1114112K
  class space    used 3006K, committed 3200K, reserved 1048576K
}
Event: 1.355 GC heap after
{Heap after GC invocations=8 (full 0):
 garbage-first heap   total 49152K, used 12003K [0x0000000082000000, 0x0000000100000000)
  region size 1024K, 3 young (3072K), 3 survivors (3072K)
 Metaspace       used 23133K, committed 23552K, reserved 1114112K
  class space    used 3006K, committed 3200K, reserved 1048576K
}
Event: 1.528 GC heap before
{Heap before GC invocations=8 (full 0):
 garbage-first heap   total 49152K, used 37603K [0x0000000082000000, 0x0000000100000000)
  region size 1024K, 28 young (28672K), 3 survivors (3072K)
 Metaspace       used 25760K, committed 26240K, reserved 1114112K
  class space    used 3401K, committed 3584K, reserved 1048576K
}
Event: 1.530 GC heap after
{Heap after GC invocations=9 (full 0):
 garbage-first heap   total 49152K, used 13351K [0x0000000082000000, 0x0000000100000000)
  region size 1024K, 4 young (4096K), 4 survivors (4096K)
 Metaspace       used 25760K, committed 26240K, reserved 1114112K
  class space    used 3401K, committed 3584K, reserved 1048576K
}
Event: 1.670 GC heap before
{Heap before GC invocations=9 (full 0):
 garbage-first heap   total 49152K, used 37927K [0x0000000082000000, 0x0000000100000000)
  region size 1024K, 28 young (28672K), 4 survivors (4096K)
 Metaspace       used 27869K, committed 28416K, reserved 1114112K
  class space    used 3649K, committed 3904K, reserved 1048576K
}
Event: 1.672 GC heap after
{Heap after GC invocations=10 (full 0):
 garbage-first heap   total 49152K, used 14476K [0x0000000082000000, 0x0000000100000000)
  region size 1024K, 4 young (4096K), 4 survivors (4096K)
 Metaspace       used 27869K, committed 28416K, reserved 1114112K
  class space    used 3649K, committed 3904K, reserved 1048576K
}

Dll operation events (12 events):
Event: 0.007 Loaded shared library C:\Program Files\Java\jdk-21\bin\java.dll
Event: 0.206 Loaded shared library C:\Program Files\Java\jdk-21\bin\zip.dll
Event: 0.210 Loaded shared library C:\Program Files\Java\jdk-21\bin\instrument.dll
Event: 0.213 Loaded shared library C:\Program Files\Java\jdk-21\bin\net.dll
Event: 0.213 Loaded shared library C:\Program Files\Java\jdk-21\bin\nio.dll
Event: 0.215 Loaded shared library C:\Program Files\Java\jdk-21\bin\zip.dll
Event: 0.288 Loaded shared library C:\Program Files\Java\jdk-21\bin\jimage.dll
Event: 0.314 Loaded shared library C:\Program Files\Java\jdk-21\bin\management.dll
Event: 0.321 Loaded shared library C:\Program Files\Java\jdk-21\bin\management_ext.dll
Event: 0.442 Loaded shared library C:\Program Files\Java\jdk-21\bin\extnet.dll
Event: 0.456 Loaded shared library C:\Program Files\Java\jdk-21\bin\verify.dll
Event: 1.122 Loaded shared library C:\Program Files\Java\jdk-21\bin\sunmscapi.dll

Deoptimization events (20 events):
Event: 1.696 Thread 0x000001e8fdf2fef0 DEOPT PACKING pc=0x000001e8b3d6215c sp=0x000000790edf9ae0
Event: 1.696 Thread 0x000001e8fdf2fef0 DEOPT UNPACKING pc=0x000001e8b3604e42 sp=0x000000790edf9018 mode 1
Event: 1.696 Thread 0x000001e8fdf2fef0 DEOPT PACKING pc=0x000001e8b3d630e4 sp=0x000000790edf9bd0
Event: 1.696 Thread 0x000001e8fdf2fef0 DEOPT UNPACKING pc=0x000001e8b3604e42 sp=0x000000790edf9180 mode 1
Event: 1.696 Thread 0x000001e8fdf2fef0 DEOPT PACKING pc=0x000001e8b3d65594 sp=0x000000790edf9d40
Event: 1.697 Thread 0x000001e8fdf2fef0 DEOPT UNPACKING pc=0x000001e8b3604e42 sp=0x000000790edf9300 mode 1
Event: 1.698 Thread 0x000001e8fdf2fef0 DEOPT PACKING pc=0x000001e8b3d6215c sp=0x000000790edf9c70
Event: 1.698 Thread 0x000001e8fdf2fef0 DEOPT UNPACKING pc=0x000001e8b3604e42 sp=0x000000790edf91a8 mode 1
Event: 1.698 Thread 0x000001e8fdf2fef0 DEOPT PACKING pc=0x000001e8b3d630e4 sp=0x000000790edf9d60
Event: 1.698 Thread 0x000001e8fdf2fef0 DEOPT UNPACKING pc=0x000001e8b3604e42 sp=0x000000790edf9310 mode 1
Event: 1.698 Thread 0x000001e8fdf2fef0 DEOPT PACKING pc=0x000001e8b3d65594 sp=0x000000790edf9ed0
Event: 1.698 Thread 0x000001e8fdf2fef0 DEOPT UNPACKING pc=0x000001e8b3604e42 sp=0x000000790edf9490 mode 1
Event: 1.698 Thread 0x000001e8fdf2fef0 DEOPT PACKING pc=0x000001e8b3d6215c sp=0x000000790edf9c70
Event: 1.698 Thread 0x000001e8fdf2fef0 DEOPT UNPACKING pc=0x000001e8b3604e42 sp=0x000000790edf91a8 mode 1
Event: 1.698 Thread 0x000001e8fdf2fef0 DEOPT PACKING pc=0x000001e8b3d630e4 sp=0x000000790edf9d60
Event: 1.698 Thread 0x000001e8fdf2fef0 DEOPT UNPACKING pc=0x000001e8b3604e42 sp=0x000000790edf9310 mode 1
Event: 1.698 Thread 0x000001e8fdf2fef0 DEOPT PACKING pc=0x000001e8b3d65594 sp=0x000000790edf9ed0
Event: 1.698 Thread 0x000001e8fdf2fef0 DEOPT UNPACKING pc=0x000001e8b3604e42 sp=0x000000790edf9490 mode 1
Event: 9.869 Thread 0x000001e8fdf2fef0 DEOPT PACKING pc=0x000001e8b39cefb4 sp=0x000000790edfdf10
Event: 9.869 Thread 0x000001e8fdf2fef0 DEOPT UNPACKING pc=0x000001e8b3604e42 sp=0x000000790edfd3c8 mode 0

Classes loaded (20 events):
Event: 1.597 Loading class java/lang/UnsupportedClassVersionError
Event: 1.597 Loading class java/lang/UnsupportedClassVersionError done
Event: 1.625 Loading class java/util/logging/LogRecord
Event: 1.625 Loading class java/util/logging/LogRecord done
Event: 1.665 Loading class java/util/stream/SortedOps$SizedRefSortingSink
Event: 1.665 Loading class java/util/stream/SortedOps$SizedRefSortingSink done
Event: 1.674 Loading class java/io/EOFException
Event: 1.674 Loading class java/io/EOFException done
Event: 1.674 Loading class javax/net/ssl/SSLException
Event: 1.675 Loading class javax/net/ssl/SSLException done
Event: 1.681 Loading class java/nio/channels/CompletionHandler
Event: 1.681 Loading class java/nio/channels/CompletionHandler done
Event: 1.685 Loading class jdk/internal/vm/annotation/IntrinsicCandidate
Event: 1.685 Loading class jdk/internal/vm/annotation/IntrinsicCandidate done
Event: 1.690 Loading class java/lang/IllegalThreadStateException
Event: 1.690 Loading class java/lang/IllegalThreadStateException done
Event: 1.692 Loading class java/lang/invoke/DirectMethodHandle$Special
Event: 1.692 Loading class java/lang/invoke/DirectMethodHandle$Special done
Event: 1.694 Loading class jdk/internal/event/ThreadSleepEvent
Event: 1.695 Loading class jdk/internal/event/ThreadSleepEvent done

Classes unloaded (0 events):
No events

Classes redefined (1 events):
Event: 9.877 Thread 0x000001e8bbd0fd00 redefined class name=com.quiz.lesson01.Lesson01Quiz02Controller, count=1

Internal exceptions (20 events):
Event: 1.430 Thread 0x000001e8fdf2fef0 Exception <a 'java/lang/NoSuchMethodError'{0x000000008448a530}: 'int java.lang.invoke.DirectMethodHandle$Holder.invokeSpecial(java.lang.Object, java.lang.Object, java.lang.Object, int)'> (0x000000008448a530) 
thrown [s\open\src\hotspot\share\interpreter\linkResolver.cpp, line 773]
Event: 1.430 Thread 0x000001e8fdf2fef0 Exception <a 'java/lang/NoSuchMethodError'{0x000000008449ef28}: 'java.lang.Object java.lang.invoke.DirectMethodHandle$Holder.invokeStatic(java.lang.Object, java.lang.Object, java.lang.Object, java.lang.Object, int)'> (0x000000008449ef28) 
thrown [s\open\src\hotspot\share\interpreter\linkResolver.cpp, line 773]
Event: 1.431 Thread 0x000001e8fdf2fef0 Exception <a 'java/lang/NoSuchMethodError'{0x00000000844a62d8}: 'void java.lang.invoke.DelegatingMethodHandle$Holder.reinvoke_L(java.lang.Object, java.lang.Object, int)'> (0x00000000844a62d8) 
thrown [s\open\src\hotspot\share\interpreter\linkResolver.cpp, line 773]
Event: 1.437 Thread 0x000001e8fdf2fef0 Exception <a 'java/lang/NoSuchMethodError'{0x0000000084364c40}: 'java.lang.Object java.lang.invoke.DirectMethodHandle$Holder.invokeVirtual(java.lang.Object, java.lang.Object, java.lang.Object, java.lang.Object, java.lang.Object)'> (0x0000000084364c40) 
thrown [s\open\src\hotspot\share\interpreter\linkResolver.cpp, line 773]
Event: 1.480 Thread 0x000001e8fdf2fef0 Exception <a 'java/lang/NoSuchMethodError'{0x0000000083c40050}: 'java.lang.reflect.Field[] java.lang.Class.getDeclaredFields(java.lang.Class)'> (0x0000000083c40050) 
thrown [s\open\src\hotspot\share\interpreter\linkResolver.cpp, line 773]
Event: 1.491 Thread 0x000001e8fdf2fef0 Exception <a 'java/lang/NoSuchMethodError'{0x0000000083b83c30}: 'java.lang.Object java.lang.invoke.DirectMethodHandle$Holder.invokeVirtual(java.lang.Object, java.lang.Object, java.lang.Object, java.lang.Object, java.lang.Object, java.lang.Object)'> (0x0000000083b83c30) 
thrown [s\open\src\hotspot\share\interpreter\linkResolver.cpp, line 773]
Event: 1.507 Thread 0x000001e8fdf2fef0 Exception <a 'java/lang/NoSuchMethodError'{0x000000008396fa38}: 'void java.lang.invoke.DirectMethodHandle$Holder.invokeInterface(java.lang.Object, java.lang.Object, int)'> (0x000000008396fa38) 
thrown [s\open\src\hotspot\share\interpreter\linkResolver.cpp, line 773]
Event: 1.510 Thread 0x000001e8fdf2fef0 Exception <a 'java/lang/IncompatibleClassChangeError'{0x00000000839b2170}: Found class java.lang.Object, but interface was expected> (0x00000000839b2170) 
thrown [s\open\src\hotspot\share\interpreter\linkResolver.cpp, line 840]
Event: 1.511 Thread 0x000001e8fdf2fef0 Exception <a 'java/lang/NoSuchMethodError'{0x00000000839cf9b8}: 'void java.lang.invoke.DirectMethodHandle$Holder.invokeStatic(java.lang.Object, int, java.lang.Object)'> (0x00000000839cf9b8) 
thrown [s\open\src\hotspot\share\interpreter\linkResolver.cpp, line 773]
Event: 1.515 Thread 0x000001e8fdf2fef0 Exception <a 'java/lang/NoSuchMethodError'{0x0000000083856ce8}: 'void java.lang.invoke.DirectMethodHandle$Holder.invokeStatic(java.lang.Object, java.lang.Object, java.lang.Object, int, java.lang.Object)'> (0x0000000083856ce8) 
thrown [s\open\src\hotspot\share\interpreter\linkResolver.cpp, line 773]
Event: 1.515 Thread 0x000001e8fdf2fef0 Exception <a 'java/lang/NoSuchMethodError'{0x000000008385d4a0}: 'java.lang.Object java.lang.invoke.DirectMethodHandle$Holder.newInvokeSpecial(java.lang.Object, java.lang.Object, java.lang.Object, int)'> (0x000000008385d4a0) 
thrown [s\open\src\hotspot\share\interpreter\linkResolver.cpp, line 773]
Event: 1.515 Thread 0x000001e8fdf2fef0 Exception <a 'java/lang/NoSuchMethodError'{0x0000000083861290}: 'java.lang.Object java.lang.invoke.DirectMethodHandle$Holder.invokeSpecial(java.lang.Object, java.lang.Object, java.lang.Object, java.lang.Object, int)'> (0x0000000083861290) 
thrown [s\open\src\hotspot\share\interpreter\linkResolver.cpp, line 773]
Event: 1.515 Thread 0x000001e8fdf2fef0 Exception <a 'java/lang/NoSuchMethodError'{0x0000000083864718}: 'java.lang.Object java.lang.invoke.Invokers$Holder.linkToTargetMethod(java.lang.Object, java.lang.Object, int, java.lang.Object)'> (0x0000000083864718) 
thrown [s\open\src\hotspot\share\interpreter\linkResolver.cpp, line 773]
Event: 1.617 Thread 0x000001e8fdf2fef0 Exception <a 'java/lang/NoSuchMethodError'{0x00000000840d69a0}: 'int java.lang.invoke.DirectMethodHandle$Holder.invokeVirtual(java.lang.Object, java.lang.Object, java.lang.Object, java.lang.Object)'> (0x00000000840d69a0) 
thrown [s\open\src\hotspot\share\interpreter\linkResolver.cpp, line 773]
Event: 1.617 Thread 0x000001e8fdf2fef0 Exception <a 'java/lang/NoSuchMethodError'{0x00000000840da408}: 'int java.lang.invoke.DelegatingMethodHandle$Holder.reinvoke_L(java.lang.Object, java.lang.Object, java.lang.Object, java.lang.Object)'> (0x00000000840da408) 
thrown [s\open\src\hotspot\share\interpreter\linkResolver.cpp, line 773]
Event: 1.647 Thread 0x000001e8fdf2fef0 Exception <a 'java/io/FileNotFoundException'{0x0000000083bfc8a8}> (0x0000000083bfc8a8) 
thrown [s\open\src\hotspot\share\prims\jni.cpp, line 520]
Event: 1.655 Thread 0x000001e8fdf2fef0 Exception <a 'java/lang/NoSuchMethodError'{0x000000008394cce0}: 'int java.lang.invoke.DirectMethodHandle$Holder.invokeInterface(java.lang.Object, java.lang.Object, java.lang.Object, java.lang.Object)'> (0x000000008394cce0) 
thrown [s\open\src\hotspot\share\interpreter\linkResolver.cpp, line 773]
Event: 1.681 Thread 0x000001e8fdf2fef0 Exception <a 'java/lang/NoSuchMethodError'{0x0000000089ce5ad0}: 'long java.lang.invoke.DirectMethodHandle$Holder.invokeVirtual(java.lang.Object, java.lang.Object)'> (0x0000000089ce5ad0) 
thrown [s\open\src\hotspot\share\interpreter\linkResolver.cpp, line 773]
Event: 1.684 Thread 0x000001e8fdf2fef0 Exception <a 'java/io/FileNotFoundException'{0x0000000089b5afb0}> (0x0000000089b5afb0) 
thrown [s\open\src\hotspot\share\prims\jni.cpp, line 520]
Event: 1.696 Thread 0x000001e8fdf2fef0 Exception <a 'java/lang/NoSuchMethodError'{0x000000008909d310}: 'void java.lang.invoke.Invokers$Holder.invokeExact_MT(java.lang.Object, java.lang.Object, java.lang.Object, java.lang.Object)'> (0x000000008909d310) 
thrown [s\open\src\hotspot\share\interpreter\linkResolver.cpp, line 773]

ZGC Phase Switch (0 events):
No events

VM Operations (20 events):
Event: 2.623 Executing VM operation: get/set locals
Event: 2.623 Executing VM operation: get/set locals done
Event: 2.623 Executing VM operation: get/set locals
Event: 2.623 Executing VM operation: get/set locals done
Event: 2.624 Executing VM operation: get/set locals
Event: 2.624 Executing VM operation: get/set locals done
Event: 2.624 Executing VM operation: get/set locals
Event: 2.624 Executing VM operation: get/set locals done
Event: 2.625 Executing VM operation: get/set locals
Event: 2.625 Executing VM operation: get/set locals done
Event: 3.634 Executing VM operation: Cleanup
Event: 3.634 Executing VM operation: Cleanup done
Event: 9.869 Executing VM operation: ChangeSingleStep
Event: 9.869 Executing VM operation: ChangeSingleStep done
Event: 9.869 Executing VM operation: ChangeSingleStep
Event: 9.869 Executing VM operation: ChangeSingleStep done
Event: 9.875 Executing VM operation: RedefineClasses
Event: 9.883 Executing VM operation: RedefineClasses done
Event: 9.884 Executing VM operation: ChangeSingleStep
Event: 9.885 Executing VM operation: ChangeSingleStep done

Events (20 events):
Event: 0.885 Thread 0x000001e8fdf30580 Thread added: 0x000001e8fdf30580
Event: 1.069 Thread 0x000001e8fdf31fc0 Thread added: 0x000001e8fdf31fc0
Event: 1.112 Thread 0x000001e8fdf31fc0 Thread exited: 0x000001e8fdf31fc0
Event: 1.127 Thread 0x000001e8fdf30580 Thread exited: 0x000001e8fdf30580
Event: 1.689 Thread 0x000001e8fdf31fc0 Thread added: 0x000001e8fdf31fc0
Event: 1.689 Thread 0x000001e8fdf2f1d0 Thread added: 0x000001e8fdf2f1d0
Event: 1.691 Thread 0x000001e8fdf2eb40 Thread added: 0x000001e8fdf2eb40
Event: 1.691 Thread 0x000001e8fdf312a0 Thread added: 0x000001e8fdf312a0
Event: 1.691 Thread 0x000001e8fdf2f860 Thread added: 0x000001e8fdf2f860
Event: 1.691 Thread 0x000001e8fdf30580 Thread added: 0x000001e8fdf30580
Event: 1.691 Thread 0x000001e8fdf30c10 Thread added: 0x000001e8fdf30c10
Event: 1.691 Thread 0x000001e8feed7a90 Thread added: 0x000001e8feed7a90
Event: 1.691 Thread 0x000001e8feed94d0 Thread added: 0x000001e8feed94d0
Event: 1.691 Thread 0x000001e8feed87b0 Thread added: 0x000001e8feed87b0
Event: 1.691 Thread 0x000001e8feedb5a0 Thread added: 0x000001e8feedb5a0
Event: 1.691 Thread 0x000001e8feed9b60 Thread added: 0x000001e8feed9b60
Event: 1.694 Thread 0x000001e8feeda880 Thread added: 0x000001e8feeda880
Event: 2.595 Thread 0x000001e8fd0cb470 Thread exited: 0x000001e8fd0cb470
Event: 2.595 Thread 0x000001e8fd0f47d0 Thread exited: 0x000001e8fd0f47d0
Event: 3.147 Thread 0x000001e8fd0bed90 Thread exited: 0x000001e8fd0bed90


Dynamic libraries:
0x00007ff63fd20000 - 0x00007ff63fd30000 	C:\Program Files\Java\jdk-21\bin\javaw.exe
0x00007ffaa0190000 - 0x00007ffaa0388000 	C:\WINDOWS\SYSTEM32\ntdll.dll
0x00007ffaa0090000 - 0x00007ffaa014d000 	C:\WINDOWS\System32\KERNEL32.DLL
0x00007ffa9dec0000 - 0x00007ffa9e1b6000 	C:\WINDOWS\System32\KERNELBASE.dll
0x00007ffa9b040000 - 0x00007ffa9b0d0000 	C:\WINDOWS\SYSTEM32\apphelp.dll
0x00007ffa9d960000 - 0x00007ffa9da60000 	C:\WINDOWS\System32\ucrtbase.dll
0x00007ffa95750000 - 0x00007ffa95769000 	C:\Program Files\Java\jdk-21\bin\jli.dll
0x00007ffa9f670000 - 0x00007ffa9f720000 	C:\WINDOWS\System32\ADVAPI32.dll
0x00007ffa93e80000 - 0x00007ffa93e9b000 	C:\Program Files\Java\jdk-21\bin\VCRUNTIME140.dll
0x00007ffa9eac0000 - 0x00007ffa9eb5e000 	C:\WINDOWS\System32\msvcrt.dll
0x00007ffa9f5d0000 - 0x00007ffa9f670000 	C:\WINDOWS\System32\sechost.dll
0x00007ffa9f720000 - 0x00007ffa9f843000 	C:\WINDOWS\System32\RPCRT4.dll
0x00007ffa9dc70000 - 0x00007ffa9dc97000 	C:\WINDOWS\System32\bcrypt.dll
0x00007ffa9ec50000 - 0x00007ffa9edef000 	C:\WINDOWS\System32\USER32.dll
0x00007ffa9dd30000 - 0x00007ffa9dd52000 	C:\WINDOWS\System32\win32u.dll
0x00007ffa8c4f0000 - 0x00007ffa8c78a000 	C:\WINDOWS\WinSxS\amd64_microsoft.windows.common-controls_6595b64144ccf1df_6.0.19041.4355_none_60b8b9eb71f62e16\COMCTL32.dll
0x00007ffa9ffa0000 - 0x00007ffa9ffcb000 	C:\WINDOWS\System32\GDI32.dll
0x00007ffa9d840000 - 0x00007ffa9d957000 	C:\WINDOWS\System32\gdi32full.dll
0x00007ffa9de20000 - 0x00007ffa9debd000 	C:\WINDOWS\System32\msvcp_win.dll
0x00007ffa97f50000 - 0x00007ffa97f5a000 	C:\WINDOWS\SYSTEM32\VERSION.dll
0x00007ffa9e950000 - 0x00007ffa9e982000 	C:\WINDOWS\System32\IMM32.DLL
0x00007ffa985e0000 - 0x00007ffa985ec000 	C:\Program Files\Java\jdk-21\bin\vcruntime140_1.dll
0x00007ffa7b450000 - 0x00007ffa7b4de000 	C:\Program Files\Java\jdk-21\bin\msvcp140.dll
0x00007ffa6b0d0000 - 0x00007ffa6bde7000 	C:\Program Files\Java\jdk-21\bin\server\jvm.dll
0x00007ffa9ff20000 - 0x00007ffa9ff8b000 	C:\WINDOWS\System32\WS2_32.dll
0x00007ffa9d5e0000 - 0x00007ffa9d62b000 	C:\WINDOWS\SYSTEM32\POWRPROF.dll
0x00007ffa8de40000 - 0x00007ffa8de67000 	C:\WINDOWS\SYSTEM32\WINMM.dll
0x00007ffa9d5c0000 - 0x00007ffa9d5d2000 	C:\WINDOWS\SYSTEM32\UMPDC.dll
0x00007ffa9b6e0000 - 0x00007ffa9b6f2000 	C:\WINDOWS\SYSTEM32\kernel.appcore.dll
0x00007ffa95a50000 - 0x00007ffa95a5a000 	C:\Program Files\Java\jdk-21\bin\jimage.dll
0x00007ffa8bbb0000 - 0x00007ffa8bd94000 	C:\WINDOWS\SYSTEM32\DBGHELP.DLL
0x00007ffa8acc0000 - 0x00007ffa8acf4000 	C:\WINDOWS\SYSTEM32\dbgcore.DLL
0x00007ffa9dca0000 - 0x00007ffa9dd22000 	C:\WINDOWS\System32\bcryptPrimitives.dll
0x00007ffa93b10000 - 0x00007ffa93b4c000 	C:\Program Files\Java\jdk-21\bin\jdwp.dll
0x00007ffa95740000 - 0x00007ffa9574f000 	C:\Program Files\Java\jdk-21\bin\instrument.dll
0x00007ffa93af0000 - 0x00007ffa93b0f000 	C:\Program Files\Java\jdk-21\bin\java.dll
0x00007ffa9edf0000 - 0x00007ffa9f55b000 	C:\WINDOWS\System32\SHELL32.dll
0x00007ffa9b8e0000 - 0x00007ffa9c07d000 	C:\WINDOWS\SYSTEM32\windows.storage.dll
0x00007ffa9fa00000 - 0x00007ffa9fd53000 	C:\WINDOWS\System32\combase.dll
0x00007ffa9d190000 - 0x00007ffa9d1be000 	C:\WINDOWS\SYSTEM32\Wldp.dll
0x00007ffa9eb80000 - 0x00007ffa9ec4d000 	C:\WINDOWS\System32\OLEAUT32.dll
0x00007ffa9e1c0000 - 0x00007ffa9e26d000 	C:\WINDOWS\System32\SHCORE.dll
0x00007ffa9e270000 - 0x00007ffa9e2c5000 	C:\WINDOWS\System32\shlwapi.dll
0x00007ffa9d770000 - 0x00007ffa9d794000 	C:\WINDOWS\SYSTEM32\profapi.dll
0x00007ffa955f0000 - 0x00007ffa955fc000 	C:\Program Files\Java\jdk-21\bin\dt_socket.dll
0x00007ffa9cbd0000 - 0x00007ffa9cc0b000 	C:\WINDOWS\SYSTEM32\IPHLPAPI.DLL
0x00007ffa9cef0000 - 0x00007ffa9cf5a000 	C:\WINDOWS\system32\mswsock.dll
0x00007ffa9cc10000 - 0x00007ffa9ccdb000 	C:\WINDOWS\SYSTEM32\DNSAPI.dll
0x00007ffa9eab0000 - 0x00007ffa9eab8000 	C:\WINDOWS\System32\NSI.dll
0x00007ffa8ee30000 - 0x00007ffa8ee3a000 	C:\Windows\System32\rasadhlp.dll
0x00007ffa8f2f0000 - 0x00007ffa8f370000 	C:\WINDOWS\System32\fwpuclnt.dll
0x00007ffa93930000 - 0x00007ffa93948000 	C:\Program Files\Java\jdk-21\bin\zip.dll
0x00007ffa93920000 - 0x00007ffa93930000 	C:\Program Files\Java\jdk-21\bin\net.dll
0x00007ffa980d0000 - 0x00007ffa981da000 	C:\WINDOWS\SYSTEM32\WINHTTP.dll
0x00007ffa93900000 - 0x00007ffa93916000 	C:\Program Files\Java\jdk-21\bin\nio.dll
0x00007ffa938f0000 - 0x00007ffa938fa000 	C:\Program Files\Java\jdk-21\bin\management.dll
0x00007ffa938e0000 - 0x00007ffa938eb000 	C:\Program Files\Java\jdk-21\bin\management_ext.dll
0x00007ffa9ff90000 - 0x00007ffa9ff98000 	C:\WINDOWS\System32\PSAPI.DLL
0x00007ffa845b0000 - 0x00007ffa845c7000 	C:\WINDOWS\system32\napinsp.dll
0x00007ffa84500000 - 0x00007ffa8451b000 	C:\WINDOWS\system32\pnrpnsp.dll
0x00007ffa99300000 - 0x00007ffa9931d000 	C:\WINDOWS\system32\NLAapi.dll
0x00007ffa83c30000 - 0x00007ffa83c42000 	C:\WINDOWS\System32\winrnr.dll
0x00007ffa83c10000 - 0x00007ffa83c25000 	C:\WINDOWS\system32\wshbth.dll
0x00007ffa9d0e0000 - 0x00007ffa9d0f8000 	C:\WINDOWS\SYSTEM32\CRYPTSP.dll
0x00007ffa9c810000 - 0x00007ffa9c844000 	C:\WINDOWS\system32\rsaenh.dll
0x00007ffa9d720000 - 0x00007ffa9d74e000 	C:\WINDOWS\SYSTEM32\USERENV.dll
0x00007ffa9d100000 - 0x00007ffa9d10c000 	C:\WINDOWS\SYSTEM32\CRYPTBASE.dll
0x00007ffa938b0000 - 0x00007ffa938b9000 	C:\Program Files\Java\jdk-21\bin\extnet.dll
0x00007ffa93810000 - 0x00007ffa93820000 	C:\Program Files\Java\jdk-21\bin\verify.dll
0x00007ffa93800000 - 0x00007ffa9380e000 	C:\Program Files\Java\jdk-21\bin\sunmscapi.dll
0x00007ffa9da60000 - 0x00007ffa9dbbe000 	C:\WINDOWS\System32\CRYPT32.dll
0x00007ffa9d200000 - 0x00007ffa9d229000 	C:\WINDOWS\SYSTEM32\ncrypt.dll
0x00007ffa9d1c0000 - 0x00007ffa9d1fb000 	C:\WINDOWS\SYSTEM32\NTASN1.dll

dbghelp: loaded successfully - version: 4.0.5 - missing functions: none
symbol engine: initialized successfully - sym options: 0x614 - pdb path: .;C:\Program Files\Java\jdk-21\bin;C:\WINDOWS\SYSTEM32;C:\WINDOWS\WinSxS\amd64_microsoft.windows.common-controls_6595b64144ccf1df_6.0.19041.4355_none_60b8b9eb71f62e16;C:\Program Files\Java\jdk-21\bin\server

VM Arguments:
jvm_args: -XX:+ShowCodeDetailsInExceptionMessages -agentlib:jdwp=transport=dt_socket,suspend=y,address=localhost:52022 -Dcom.sun.management.jmxremote -Dcom.sun.management.jmxremote.port=52021 -Dcom.sun.management.jmxremote.authenticate=false -Dcom.sun.management.jmxremote.ssl=false -Djava.rmi.server.hostname=localhost -Dspring.jmx.enabled=true -Dmanagement.endpoints.jmx.exposure.include=* -Dspring.application.admin.enabled=true -XX:TieredStopAtLevel=1 -Dspring.boot.project.name=SpringQuiz -javaagent:D:\½Å·ü¼·\5_spring\quiz\QUIZ_STS\configuration\org.eclipse.osgi\266\0\.cp\lib\javaagent-shaded.jar -Dfile.encoding=UTF-8 -Dstdout.encoding=UTF-8 -Dstderr.encoding=UTF-8 
java_command: com.quiz.SpringQuizApplication --spring.output.ansi.enabled=always --debug
java_class_path (initial): D:\½Å·ü¼·\5_spring\quiz\workspace\SpringQuiz\bin\main;C:\Users\user\.gradle\caches\modules-2\files-2.1\org.springframework.boot\spring-boot-configuration-processor\3.3.0\2a1542cac159dae637ca984bf95ddef0b0fb2627\spring-boot-configuration-processor-3.3.0.jar;C:\Users\user\.gradle\caches\modules-2\files-2.1\org.springframework.boot\spring-boot-starter-web\3.3.0\d8f587bc52e6c31dc4f161a49ce8f5e19f8853a9\spring-boot-starter-web-3.3.0.jar;C:\Users\user\.gradle\caches\modules-2\files-2.1\org.springframework.boot\spring-boot-starter-json\3.3.0\1c9938093b372602f121e2b073f490897388cc71\spring-boot-starter-json-3.3.0.jar;C:\Users\user\.gradle\caches\modules-2\files-2.1\org.springframework.boot\spring-boot-starter\3.3.0\1af929e0fcb10c2bfc3f3619f4ca9049bd927b\spring-boot-starter-3.3.0.jar;C:\Users\user\.gradle\caches\modules-2\files-2.1\org.springframework.boot\spring-boot-starter-tomcat\3.3.0\f9cdd6f3976d307e10cce065349e331d7162faf2\spring-boot-starter-tomcat-3.3.0.jar;C:\Users\user\.gradle\caches\modules-2\files-2.1\org.springframework\spring-webmvc\6.1.8\8496f8c010625bc0b857d19d2e93a9bdd691c1af\spring-webmvc-6.1.8.jar;C:\Users\user\.gradle\caches\modules-2\files-2.1\org.springframework\spring-web\6.1.8\1461405dc325c82a0a058df033bee3d8c6dd6e41\spring-web-6.1.8.jar;C:\Users\user\.gradle\caches\modules-2\files-2.1\org.springframework.boot\spring-boot-autoconfigure\3.3.0\1d98cfa94223e6a3a0e0ad301822cef90cc04fbc\spring-boot-autoconfigure-3.3.0.jar;C:\Users\user\.gradle\caches\modules-2\files-2.1\org.springframework.boot\spring-boot\3.3.0\83d42f81f312d71b9425f58d1d3f9e8970e51b22\spring-boot-3.3.0.jar;C:\Users\user\.gradle\caches\modules-2\files-2.1\org.springframework.boot\spring-boot-starter-logging\3.3.0\79a400c9d7ce3a7cecf296fda402e3100a099bce\spring-boot-starter-logging-3.3.0.jar;C:\Users\user\.gradle\caches\modules-2\files-2.1\jakarta.annotation\jakarta.annotation-api\2.1.1\48b9bda22b091b1f48b13af03fe36db3be6e1ae3\jakarta.annotation-api-2.1.1.jar;C:\Users\user\.gradle\caches\modules-2\files-2.1\org.springframework\spring-context\6.1.8\21219a0df58e5b96ef489a172b449232573352e8\spring-context-6.1.8.jar;C:\Users\user\.gradle\caches\modules-2\files-2.1\org.springframework\spring-aop\6.1.8\ef793a21e405a88d9d32b92cb459c845ee12b271\spring-aop-6.1.8.jar;C:\Users\user\.gradle\caches\modules-2\files-2.1\org.springframework\spring-beans\6.1.8\79a5e45383542ff514b5328fe277410cf4054f3b\spring-beans-6.1.8.jar;C:\Users\user\.gradle\caches\modules-2\files-2.1\org.springframework\spring-expression\6.1.8\dcf78ef442c24f32ff8c6a9746e7f5209b330111\spring-expression-6.1.8.jar;C:\Users\user\.gradle\caches\modules-2\files-2.1\org.springframework\spring-core\6.1.8\141fc11a5dbaa503fe361150312ad0fa9d9c03da\spring-core-6.1.8.jar;C:\Users\user\.gradle\caches\modules-2\files-2.1\org.yaml\snakeyaml\2.2\3af797a25458550a16bf89acc8e4ab2b7f2bfce0\snakeyaml-2.2.jar;C:\Users\user\.gradle\caches\modules-2\files-2.1\com.fasterxml.jackson.datatype\jackson-datatype-jsr310\2.17.1\969b0c3cb8c75d759e9a6c585c44c9b9f3a4f75\jackson-datatype-jsr310-2.17.1.jar;C:\Users\user\.gradle\caches\modules-2\files-2.1\com.fasterxml.jackson.module\jackson-module-parameter-names\2.17.1\74a998f6fbcedbddedf0a27e8ce72078b2e516a6\jackson-module-parameter-names-2.17.1.jar;C:\Users\user\.gradle\caches\modules-2\files-2.1\com.fasterxml.jackson.core\jackson-annotations\2.17.1\fca7ef6192c9ad05d07bc50da991bf937a84af3a\jackson-annotations-2.17.1.jar;C:\Users\user\.gradle\caches\modules-2\files-2.1\com.fasterxml.jackson.core\jackson-core\2.17.1\5e52a11644cd59a28ef79f02bddc2cc3bab45edb\jackson-core-2.17.1.jar;C:\Users\user\.gradle\caches\modules-2\files-2.1\com.fasterxml.jackson.datatype\jackson-datatype-jdk8\2.17.1\76b495194c36058904c82e288d285a1bd13f0ffa\jackson-datatype-jdk8-2.17.1.jar;C:\Users\user\.gradle\caches\modules-2\files-2.1\com.fasterxml.jackson.core\jackson-databind\2.17.1\524dcbcccdde7d45a679dfc333e4763feb09079\jackson-databind-2.17.1.jar;C:\Users\user\.gradle\caches\modules-2\files-2.1\org.apache.tomcat.embed\tomcat-embed-websocket\10.1.24\938419aba5a4f4645b9cd23a9e1d5453e85d09b9\tomcat-embed-websocket-10.1.24.jar;C:\Users\user\.gradle\caches\modules-2\files-2.1\org.apache.tomcat.embed\tomcat-embed-core\10.1.24\cd9358f0a26d26e1a2c7200f69cb9a302c20ceb4\tomcat-embed-core-10.1.24.jar;C:\Users\user\.gradle\caches\modules-2\files-2.1\org.apache.tomcat.embed\tomcat-embed-el\10.1.24\6e9c9dce63c10f903cb0aaaeff45f5f7092f5527\tomcat-embed-el-10.1.24.jar;C:\Users\user\.gradle\caches\modules-2\files-2.1\io.micrometer\micrometer-observation\1.13.0\5aa75fbb4367dc3b28e557d14535d21335dc8985\micrometer-observation-1.13.0.jar;C:\Users\user\.gradle\caches\modules-2\files-2.1\ch.qos.logback\logback-classic\1.5.6\afc75d260d838a3bddfb8f207c2805ed7d1b34f9\logback-classic-1.5.6.jar;C:\Users\user\.gradle\caches\modules-2\files-2.1\org.apache.logging.log4j\log4j-to-slf4j\2.23.1\425ad1eb8a39904d2830e907a324e956fb456520\log4j-to-slf4j-2.23.1.jar;C:\Users\user\.gradle\caches\modules-2\files-2.1\org.slf4j\jul-to-slf4j\2.0.13\a3bcd9d9dd50c71ce69f06b1fd05e40fdeff6ba5\jul-to-slf4j-2.0.13.jar;C:\Users\user\.gradle\caches\modules-2\files-2.1\org.springframework\spring-jcl\6.1.8\a545266a6efac9283353a922783a0a06f197ec0\spring-jcl-6.1.8.jar;C:\Users\user\.gradle\caches\modules-2\files-2.1\io.micrometer\micrometer-commons\1.13.0\156a59aff8d72c5e631eb4a2d739373ed5881609\micrometer-commons-1.13.0.jar;C:\Users\user\.gradle\caches\modules-2\files-2.1\ch.qos.logback\logback-core\1.5.6\41cbe874701200c5624c19e0ab50d1b88dfcc77d\logback-core-1.5.6.jar;C:\Users\user\.gradle\caches\modules-2\files-2.1\org.slf4j\slf4j-api\2.0.13\80229737f704b121a318bba5d5deacbcf395bc77\slf4j-api-2.0.13.jar;C:\Users\user\.gradle\caches\modules-2\files-2.1\org.apache.logging.log4j\log4j-api\2.23.1\9c15c29c526d9c6783049c0a77722693c66706e1\log4j-api-2.23.1.jar;C:\Users\user\.gradle\caches\modules-2\files-2.1\org.springframework.boot\spring-boot-devtools\3.3.0\39c6e0d1648deda614d6876524a2778cbd3ddc3c\spring-boot-devtools-3.3.0.jar;C:\Users\user\.gradle\caches\modules-2\files-2.1\com.mysql\mysql-connector-j\8.3.0\1cc7fa5d61f4bbc113531a4ba6d85d41cf3d57e1\mysql-connector-j-8.3.0.jar
Launcher Type: SUN_STANDARD

[Global flags]
     intx CICompilerCount                          = 4                                         {product} {ergonomic}
     uint ConcGCThreads                            = 3                                         {product} {ergonomic}
     uint G1ConcRefinementThreads                  = 10                                        {product} {ergonomic}
   size_t G1HeapRegionSize                         = 1048576                                   {product} {ergonomic}
    uintx GCDrainStackTargetSize                   = 64                                        {product} {ergonomic}
   size_t InitialHeapSize                          = 132120576                                 {product} {ergonomic}
     bool ManagementServer                         = true                                      {product} {command line}
   size_t MarkStackSize                            = 4194304                                   {product} {ergonomic}
   size_t MaxHeapSize                              = 2113929216                                {product} {ergonomic}
   size_t MaxNewSize                               = 1267728384                                {product} {ergonomic}
   size_t MinHeapDeltaBytes                        = 1048576                                   {product} {ergonomic}
   size_t MinHeapSize                              = 8388608                                   {product} {ergonomic}
    uintx NonNMethodCodeHeapSize                   = 4096                                   {pd product} {ergonomic}
    uintx NonProfiledCodeHeapSize                  = 0                                      {pd product} {ergonomic}
     bool ProfileInterpreter                       = false                                  {pd product} {command line}
    uintx ProfiledCodeHeapSize                     = 0                                      {pd product} {ergonomic}
     bool ShowCodeDetailsInExceptionMessages       = true                                   {manageable} {command line}
   size_t SoftMaxHeapSize                          = 2113929216                             {manageable} {ergonomic}
     intx TieredStopAtLevel                        = 1                                         {product} {command line}
     bool UseCompressedOops                        = true                           {product lp64_product} {ergonomic}
     bool UseG1GC                                  = true                                      {product} {ergonomic}
     bool UseLargePagesIndividualAllocation        = false                                  {pd product} {ergonomic}

Logging:
Log output configuration:
 #0: stdout all=warning uptime,level,tags foldmultilines=false
 #1: stderr all=off uptime,level,tags foldmultilines=false

Environment Variables:
JAVA_HOME=C:\Program Files\Java\jdk-21
CLASSPATH=C:\Program Files\Java\jdk-21\lib
PATH=D:/½Å·ü¼·/5_spring/quiz/QUIZ_STS//plugins/org.eclipse.justj.openjdk.hotspot.jre.full.win32.x86_64_17.0.11.v20240426-1830/jre/bin/server;D:/½Å·ü¼·/5_spring/quiz/QUIZ_STS//plugins/org.eclipse.justj.openjdk.hotspot.jre.full.win32.x86_64_17.0.11.v20240426-1830/jre/bin;C:\Program Files\Common Files\Oracle\Java\javapath;C:\WINDOWS\system32;C:\WINDOWS;C:\WINDOWS\System32\Wbem;C:\WINDOWS\System32\WindowsPowerShell\v1.0\;C:\WINDOWS\System32\OpenSSH\;C:\Program Files\Bandizip\;C:\Program Files\Java\jdk-21\bin;C:\Program Files\MySQL\MySQL Shell 8.0\bin\;C:\Users\user\AppData\Local\Microsoft\WindowsApps;C:\Users\user\AppData\Local\Programs\Microsoft VS Code\bin;D:\½Å·ü¼·\5_spring\quiz\QUIZ_STS;
USERNAME=user
OS=Windows_NT
PROCESSOR_IDENTIFIER=Intel64 Family 6 Model 158 Stepping 10, GenuineIntel
TMP=C:\Users\user\AppData\Local\Temp
TEMP=C:\Users\user\AppData\Local\Temp




Periodic native trim disabled

---------------  S Y S T E M  ---------------

OS:
 Windows 10 , 64 bit Build 19041 (10.0.19041.3636)
OS uptime: 14 days 2:53 hours

CPU: total 12 (initial active 12) (6 cores per cpu, 2 threads per core) family 6 model 158 stepping 10 microcode 0xb4, cx8, cmov, fxsr, ht, mmx, 3dnowpref, sse, sse2, sse3, ssse3, sse4.1, sse4.2, popcnt, lzcnt, tsc, tscinvbit, avx, avx2, aes, erms, clmul, bmi1, bmi2, rtm, adx, fma, vzeroupper, clflush, clflushopt, rdtscp, f16c
Processor Information for all 12 processors :
  Max Mhz: 3192, Current Mhz: 3192, Mhz Limit: 3192

Memory: 4k page, system-wide physical 8062M (1319M free)
TotalPageFile size 10296M (AvailPageFile size 1933M)
current process WorkingSet (physical memory assigned to process): 142M, peak: 162M
current process commit charge ("private bytes"): 186M, peak: 250M

vm_info: Java HotSpot(TM) 64-Bit Server VM (21.0.2+13-LTS-58) for windows-amd64 JRE (21.0.2+13-LTS-58), built on 2024-01-05T18:32:24Z by "mach5one" with MS VC++ 17.1 (VS2022)

END.
